CRITICAL - 2022-06-07 03:34:09 --> Object of class CodeIgniter\HTTP\RedirectResponse could not be converted to string
#0 D:\Kuliah\Praktikum PIE\Tubes\juragansepatu-ecommerce-codeigniter4\system\Database\Query.php(318): strtr('SELECT COUNT(*)...', Array)
#1 D:\Kuliah\Praktikum PIE\Tubes\juragansepatu-ecommerce-codeigniter4\system\Database\Query.php(293): CodeIgniter\Database\Query->matchNamedBinds('SELECT COUNT(*)...', Array)
#2 D:\Kuliah\Praktikum PIE\Tubes\juragansepatu-ecommerce-codeigniter4\system\Database\Query.php(150): CodeIgniter\Database\Query->compileBinds()
#3 D:\Kuliah\Praktikum PIE\Tubes\juragansepatu-ecommerce-codeigniter4\system\Database\BaseConnection.php(598): CodeIgniter\Database\Query->getQuery()
#4 D:\Kuliah\Praktikum PIE\Tubes\juragansepatu-ecommerce-codeigniter4\system\Database\BaseBuilder.php(1539): CodeIgniter\Database\BaseConnection->query('SELECT COUNT(*)...', Array, false)
#5 D:\Kuliah\Praktikum PIE\Tubes\juragansepatu-ecommerce-codeigniter4\app\Models\Customer\Order_model.php(67): CodeIgniter\Database\BaseBuilder->countAllResults()
#6 D:\Kuliah\Praktikum PIE\Tubes\juragansepatu-ecommerce-codeigniter4\app\Controllers\Customer_Orders.php(37): App\Models\Customer\Order_model->is_order_exist('62')
#7 D:\Kuliah\Praktikum PIE\Tubes\juragansepatu-ecommerce-codeigniter4\system\CodeIgniter.php(832): App\Controllers\Customer_Orders->view('62')
#8 D:\Kuliah\Praktikum PIE\Tubes\juragansepatu-ecommerce-codeigniter4\system\CodeIgniter.php(419): CodeIgniter\CodeIgniter->runController(Object(App\Controllers\Customer_Orders))
#9 D:\Kuliah\Praktikum PIE\Tubes\juragansepatu-ecommerce-codeigniter4\system\CodeIgniter.php(326): CodeIgniter\CodeIgniter->handleRequest(NULL, Object(Config\Cache), false)
#10 D:\Kuliah\Praktikum PIE\Tubes\juragansepatu-ecommerce-codeigniter4\public\index.php(37): CodeIgniter\CodeIgniter->run()
#11 D:\Kuliah\Praktikum PIE\Tubes\juragansepatu-ecommerce-codeigniter4\system\Commands\Server\rewrite.php(43): require_once('D:\\Kuliah\\Prakt...')
#12 {main}
CRITICAL - 2022-06-07 03:53:27 --> Object of class CodeIgniter\HTTP\RedirectResponse could not be converted to string
#0 D:\Kuliah\Praktikum PIE\Tubes\juragansepatu-ecommerce-codeigniter4\system\Database\Query.php(318): strtr('SELECT *\nFROM `...', Array)
#1 D:\Kuliah\Praktikum PIE\Tubes\juragansepatu-ecommerce-codeigniter4\system\Database\Query.php(293): CodeIgniter\Database\Query->matchNamedBinds('SELECT *\nFROM `...', Array)
#2 D:\Kuliah\Praktikum PIE\Tubes\juragansepatu-ecommerce-codeigniter4\system\Database\Query.php(150): CodeIgniter\Database\Query->compileBinds()
#3 D:\Kuliah\Praktikum PIE\Tubes\juragansepatu-ecommerce-codeigniter4\system\Database\BaseConnection.php(598): CodeIgniter\Database\Query->getQuery()
#4 D:\Kuliah\Praktikum PIE\Tubes\juragansepatu-ecommerce-codeigniter4\system\Database\BaseBuilder.php(1455): CodeIgniter\Database\BaseConnection->query('SELECT *\nFROM `...', Array, false)
#5 D:\Kuliah\Praktikum PIE\Tubes\juragansepatu-ecommerce-codeigniter4\app\Models\Customer\Order_model.php(57): CodeIgniter\Database\BaseBuilder->get()
#6 D:\Kuliah\Praktikum PIE\Tubes\juragansepatu-ecommerce-codeigniter4\app\Controllers\Customer_Payments.php(44): App\Models\Customer\Order_model->order_with_bank_payments()
#7 D:\Kuliah\Praktikum PIE\Tubes\juragansepatu-ecommerce-codeigniter4\system\CodeIgniter.php(832): App\Controllers\Customer_Payments->confirm()
#8 D:\Kuliah\Praktikum PIE\Tubes\juragansepatu-ecommerce-codeigniter4\system\CodeIgniter.php(419): CodeIgniter\CodeIgniter->runController(Object(App\Controllers\Customer_Payments))
#9 D:\Kuliah\Praktikum PIE\Tubes\juragansepatu-ecommerce-codeigniter4\system\CodeIgniter.php(326): CodeIgniter\CodeIgniter->handleRequest(NULL, Object(Config\Cache), false)
#10 D:\Kuliah\Praktikum PIE\Tubes\juragansepatu-ecommerce-codeigniter4\public\index.php(37): CodeIgniter\CodeIgniter->run()
#11 D:\Kuliah\Praktikum PIE\Tubes\juragansepatu-ecommerce-codeigniter4\system\Commands\Server\rewrite.php(43): require_once('D:\\Kuliah\\Prakt...')
#12 {main}
