ERROR - 2022-06-12 01:10:36 --> Error connecting to the database: No connection could be made because the target machine actively refused it.

CRITICAL - 2022-06-12 01:10:36 --> Unable to connect to the database.
Main connection [MySQLi]: No connection could be made because the target machine actively refused it.

#0 D:\Kuliah\Praktikum PIE\Tubes\juragansepatu-ecommerce-codeigniter4\system\Database\BaseConnection.php(577): CodeIgniter\Database\BaseConnection->initialize()
#1 D:\Kuliah\Praktikum PIE\Tubes\juragansepatu-ecommerce-codeigniter4\system\Database\BaseBuilder.php(1455): CodeIgniter\Database\BaseConnection->query('SELECT *\nFROM `...', Array, false)
#2 D:\Kuliah\Praktikum PIE\Tubes\juragansepatu-ecommerce-codeigniter4\system\Model.php(210): CodeIgniter\Database\BaseBuilder->get()
#3 D:\Kuliah\Praktikum PIE\Tubes\juragansepatu-ecommerce-codeigniter4\system\BaseModel.php(622): CodeIgniter\Model->doFirst()
#4 D:\Kuliah\Praktikum PIE\Tubes\juragansepatu-ecommerce-codeigniter4\app\Controllers\Home.php(21): CodeIgniter\BaseModel->first()
#5 D:\Kuliah\Praktikum PIE\Tubes\juragansepatu-ecommerce-codeigniter4\system\CodeIgniter.php(832): App\Controllers\Home->index()
#6 D:\Kuliah\Praktikum PIE\Tubes\juragansepatu-ecommerce-codeigniter4\system\CodeIgniter.php(419): CodeIgniter\CodeIgniter->runController(Object(App\Controllers\Home))
#7 D:\Kuliah\Praktikum PIE\Tubes\juragansepatu-ecommerce-codeigniter4\system\CodeIgniter.php(326): CodeIgniter\CodeIgniter->handleRequest(NULL, Object(Config\Cache), false)
#8 D:\Kuliah\Praktikum PIE\Tubes\juragansepatu-ecommerce-codeigniter4\public\index.php(37): CodeIgniter\CodeIgniter->run()
#9 D:\Kuliah\Praktikum PIE\Tubes\juragansepatu-ecommerce-codeigniter4\system\Commands\Server\rewrite.php(43): require_once('D:\\Kuliah\\Prakt...')
#10 {main}
CRITICAL - 2022-06-12 02:35:40 --> Trying to get property 'profile_picture' of non-object
#0 D:\Kuliah\Praktikum PIE\Tubes\juragansepatu-ecommerce-codeigniter4\app\Helpers\global_helper.php(97): CodeIgniter\Debug\Exceptions->errorHandler(8, 'Trying to get p...', 'D:\\Kuliah\\Prakt...', 97, Array)
#1 D:\Kuliah\Praktikum PIE\Tubes\juragansepatu-ecommerce-codeigniter4\app\Views\admin\header.php(174): get_admin_image()
#2 D:\Kuliah\Praktikum PIE\Tubes\juragansepatu-ecommerce-codeigniter4\system\View\View.php(210): include('D:\\Kuliah\\Prakt...')
#3 D:\Kuliah\Praktikum PIE\Tubes\juragansepatu-ecommerce-codeigniter4\system\View\View.php(213): CodeIgniter\View\View->CodeIgniter\View\{closure}()
#4 D:\Kuliah\Praktikum PIE\Tubes\juragansepatu-ecommerce-codeigniter4\system\View\View.php(226): CodeIgniter\View\View->render('admin\\header', Array, true)
#5 D:\Kuliah\Praktikum PIE\Tubes\juragansepatu-ecommerce-codeigniter4\system\Common.php(1089): CodeIgniter\View\View->render('admin/products/...', Array, true)
#6 D:\Kuliah\Praktikum PIE\Tubes\juragansepatu-ecommerce-codeigniter4\app\Controllers\Admin_Products.php(45): view('admin/products/...', Array)
#7 D:\Kuliah\Praktikum PIE\Tubes\juragansepatu-ecommerce-codeigniter4\system\CodeIgniter.php(832): App\Controllers\Admin_Products->index()
#8 D:\Kuliah\Praktikum PIE\Tubes\juragansepatu-ecommerce-codeigniter4\system\CodeIgniter.php(419): CodeIgniter\CodeIgniter->runController(Object(App\Controllers\Admin_Products))
#9 D:\Kuliah\Praktikum PIE\Tubes\juragansepatu-ecommerce-codeigniter4\system\CodeIgniter.php(326): CodeIgniter\CodeIgniter->handleRequest(NULL, Object(Config\Cache), false)
#10 D:\Kuliah\Praktikum PIE\Tubes\juragansepatu-ecommerce-codeigniter4\public\index.php(37): CodeIgniter\CodeIgniter->run()
#11 D:\Kuliah\Praktikum PIE\Tubes\juragansepatu-ecommerce-codeigniter4\system\Commands\Server\rewrite.php(43): require_once('D:\\Kuliah\\Prakt...')
#12 {main}
CRITICAL - 2022-06-12 03:12:44 --> Undefined variable: title
#0 D:\Kuliah\Praktikum PIE\Tubes\juragansepatu-ecommerce-codeigniter4\app\Views\auth\login.php(9): CodeIgniter\Debug\Exceptions->errorHandler(8, 'Undefined varia...', 'D:\\Kuliah\\Prakt...', 9, Array)
#1 D:\Kuliah\Praktikum PIE\Tubes\juragansepatu-ecommerce-codeigniter4\system\View\View.php(210): include('D:\\Kuliah\\Prakt...')
#2 D:\Kuliah\Praktikum PIE\Tubes\juragansepatu-ecommerce-codeigniter4\system\View\View.php(213): CodeIgniter\View\View->CodeIgniter\View\{closure}()
#3 D:\Kuliah\Praktikum PIE\Tubes\juragansepatu-ecommerce-codeigniter4\system\Common.php(1089): CodeIgniter\View\View->render('auth\\login', Array, true)
#4 D:\Kuliah\Praktikum PIE\Tubes\juragansepatu-ecommerce-codeigniter4\app\Controllers\Login.php(23): view('auth\\login', Array)
#5 D:\Kuliah\Praktikum PIE\Tubes\juragansepatu-ecommerce-codeigniter4\system\CodeIgniter.php(832): App\Controllers\Login->index()
#6 D:\Kuliah\Praktikum PIE\Tubes\juragansepatu-ecommerce-codeigniter4\system\CodeIgniter.php(419): CodeIgniter\CodeIgniter->runController(Object(App\Controllers\Login))
#7 D:\Kuliah\Praktikum PIE\Tubes\juragansepatu-ecommerce-codeigniter4\system\CodeIgniter.php(326): CodeIgniter\CodeIgniter->handleRequest(NULL, Object(Config\Cache), false)
#8 D:\Kuliah\Praktikum PIE\Tubes\juragansepatu-ecommerce-codeigniter4\public\index.php(37): CodeIgniter\CodeIgniter->run()
#9 D:\Kuliah\Praktikum PIE\Tubes\juragansepatu-ecommerce-codeigniter4\system\Commands\Server\rewrite.php(43): require_once('D:\\Kuliah\\Prakt...')
#10 {main}
CRITICAL - 2022-06-12 03:13:11 --> Undefined variable: title
#0 D:\Kuliah\Praktikum PIE\Tubes\juragansepatu-ecommerce-codeigniter4\app\Views\auth\login.php(9): CodeIgniter\Debug\Exceptions->errorHandler(8, 'Undefined varia...', 'D:\\Kuliah\\Prakt...', 9, Array)
#1 D:\Kuliah\Praktikum PIE\Tubes\juragansepatu-ecommerce-codeigniter4\system\View\View.php(210): include('D:\\Kuliah\\Prakt...')
#2 D:\Kuliah\Praktikum PIE\Tubes\juragansepatu-ecommerce-codeigniter4\system\View\View.php(213): CodeIgniter\View\View->CodeIgniter\View\{closure}()
#3 D:\Kuliah\Praktikum PIE\Tubes\juragansepatu-ecommerce-codeigniter4\system\Common.php(1089): CodeIgniter\View\View->render('auth\\login', Array, true)
#4 D:\Kuliah\Praktikum PIE\Tubes\juragansepatu-ecommerce-codeigniter4\app\Controllers\Login.php(23): view('auth\\login', Array)
#5 D:\Kuliah\Praktikum PIE\Tubes\juragansepatu-ecommerce-codeigniter4\system\CodeIgniter.php(832): App\Controllers\Login->index()
#6 D:\Kuliah\Praktikum PIE\Tubes\juragansepatu-ecommerce-codeigniter4\system\CodeIgniter.php(419): CodeIgniter\CodeIgniter->runController(Object(App\Controllers\Login))
#7 D:\Kuliah\Praktikum PIE\Tubes\juragansepatu-ecommerce-codeigniter4\system\CodeIgniter.php(326): CodeIgniter\CodeIgniter->handleRequest(NULL, Object(Config\Cache), false)
#8 D:\Kuliah\Praktikum PIE\Tubes\juragansepatu-ecommerce-codeigniter4\public\index.php(37): CodeIgniter\CodeIgniter->run()
#9 D:\Kuliah\Praktikum PIE\Tubes\juragansepatu-ecommerce-codeigniter4\system\Commands\Server\rewrite.php(43): require_once('D:\\Kuliah\\Prakt...')
#10 {main}
CRITICAL - 2022-06-12 03:37:43 --> Undefined property: App\Controllers\Customer_Reviews::$load
#0 D:\Kuliah\Praktikum PIE\Tubes\juragansepatu-ecommerce-codeigniter4\app\Controllers\Customer_Reviews.php(73): CodeIgniter\Debug\Exceptions->errorHandler(8, 'Undefined prope...', 'D:\\Kuliah\\Prakt...', 73, Array)
#1 D:\Kuliah\Praktikum PIE\Tubes\juragansepatu-ecommerce-codeigniter4\system\CodeIgniter.php(832): App\Controllers\Customer_Reviews->write()
#2 D:\Kuliah\Praktikum PIE\Tubes\juragansepatu-ecommerce-codeigniter4\system\CodeIgniter.php(419): CodeIgniter\CodeIgniter->runController(Object(App\Controllers\Customer_Reviews))
#3 D:\Kuliah\Praktikum PIE\Tubes\juragansepatu-ecommerce-codeigniter4\system\CodeIgniter.php(326): CodeIgniter\CodeIgniter->handleRequest(NULL, Object(Config\Cache), false)
#4 D:\Kuliah\Praktikum PIE\Tubes\juragansepatu-ecommerce-codeigniter4\public\index.php(37): CodeIgniter\CodeIgniter->run()
#5 D:\Kuliah\Praktikum PIE\Tubes\juragansepatu-ecommerce-codeigniter4\system\Commands\Server\rewrite.php(43): require_once('D:\\Kuliah\\Prakt...')
#6 {main}
CRITICAL - 2022-06-12 03:49:06 --> Undefined property: App\Controllers\Customer_Reviews::$load
#0 D:\Kuliah\Praktikum PIE\Tubes\juragansepatu-ecommerce-codeigniter4\app\Controllers\Customer_Reviews.php(73): CodeIgniter\Debug\Exceptions->errorHandler(8, 'Undefined prope...', 'D:\\Kuliah\\Prakt...', 73, Array)
#1 D:\Kuliah\Praktikum PIE\Tubes\juragansepatu-ecommerce-codeigniter4\system\CodeIgniter.php(832): App\Controllers\Customer_Reviews->write()
#2 D:\Kuliah\Praktikum PIE\Tubes\juragansepatu-ecommerce-codeigniter4\system\CodeIgniter.php(419): CodeIgniter\CodeIgniter->runController(Object(App\Controllers\Customer_Reviews))
#3 D:\Kuliah\Praktikum PIE\Tubes\juragansepatu-ecommerce-codeigniter4\system\CodeIgniter.php(326): CodeIgniter\CodeIgniter->handleRequest(NULL, Object(Config\Cache), false)
#4 D:\Kuliah\Praktikum PIE\Tubes\juragansepatu-ecommerce-codeigniter4\public\index.php(37): CodeIgniter\CodeIgniter->run()
#5 D:\Kuliah\Praktikum PIE\Tubes\juragansepatu-ecommerce-codeigniter4\system\Commands\Server\rewrite.php(43): require_once('D:\\Kuliah\\Prakt...')
#6 {main}
CRITICAL - 2022-06-12 04:08:07 --> Undefined variable: reviews
#0 D:\Kuliah\Praktikum PIE\Tubes\juragansepatu-ecommerce-codeigniter4\app\Controllers\Customer_Reviews.php(46): CodeIgniter\Debug\Exceptions->errorHandler(8, 'Undefined varia...', 'D:\\Kuliah\\Prakt...', 46, Array)
#1 D:\Kuliah\Praktikum PIE\Tubes\juragansepatu-ecommerce-codeigniter4\system\CodeIgniter.php(832): App\Controllers\Customer_Reviews->write()
#2 D:\Kuliah\Praktikum PIE\Tubes\juragansepatu-ecommerce-codeigniter4\system\CodeIgniter.php(419): CodeIgniter\CodeIgniter->runController(Object(App\Controllers\Customer_Reviews))
#3 D:\Kuliah\Praktikum PIE\Tubes\juragansepatu-ecommerce-codeigniter4\system\CodeIgniter.php(326): CodeIgniter\CodeIgniter->handleRequest(NULL, Object(Config\Cache), false)
#4 D:\Kuliah\Praktikum PIE\Tubes\juragansepatu-ecommerce-codeigniter4\public\index.php(37): CodeIgniter\CodeIgniter->run()
#5 D:\Kuliah\Praktikum PIE\Tubes\juragansepatu-ecommerce-codeigniter4\system\Commands\Server\rewrite.php(43): require_once('D:\\Kuliah\\Prakt...')
#6 {main}
CRITICAL - 2022-06-12 04:11:00 --> Undefined variable: reviews
#0 D:\Kuliah\Praktikum PIE\Tubes\juragansepatu-ecommerce-codeigniter4\app\Controllers\Customer_Reviews.php(46): CodeIgniter\Debug\Exceptions->errorHandler(8, 'Undefined varia...', 'D:\\Kuliah\\Prakt...', 46, Array)
#1 D:\Kuliah\Praktikum PIE\Tubes\juragansepatu-ecommerce-codeigniter4\system\CodeIgniter.php(832): App\Controllers\Customer_Reviews->write()
#2 D:\Kuliah\Praktikum PIE\Tubes\juragansepatu-ecommerce-codeigniter4\system\CodeIgniter.php(419): CodeIgniter\CodeIgniter->runController(Object(App\Controllers\Customer_Reviews))
#3 D:\Kuliah\Praktikum PIE\Tubes\juragansepatu-ecommerce-codeigniter4\system\CodeIgniter.php(326): CodeIgniter\CodeIgniter->handleRequest(NULL, Object(Config\Cache), false)
#4 D:\Kuliah\Praktikum PIE\Tubes\juragansepatu-ecommerce-codeigniter4\public\index.php(37): CodeIgniter\CodeIgniter->run()
#5 D:\Kuliah\Praktikum PIE\Tubes\juragansepatu-ecommerce-codeigniter4\system\Commands\Server\rewrite.php(43): require_once('D:\\Kuliah\\Prakt...')
#6 {main}
CRITICAL - 2022-06-12 04:11:30 --> Undefined variable: reviews
#0 D:\Kuliah\Praktikum PIE\Tubes\juragansepatu-ecommerce-codeigniter4\app\Controllers\Customer_Reviews.php(46): CodeIgniter\Debug\Exceptions->errorHandler(8, 'Undefined varia...', 'D:\\Kuliah\\Prakt...', 46, Array)
#1 D:\Kuliah\Praktikum PIE\Tubes\juragansepatu-ecommerce-codeigniter4\system\CodeIgniter.php(832): App\Controllers\Customer_Reviews->write()
#2 D:\Kuliah\Praktikum PIE\Tubes\juragansepatu-ecommerce-codeigniter4\system\CodeIgniter.php(419): CodeIgniter\CodeIgniter->runController(Object(App\Controllers\Customer_Reviews))
#3 D:\Kuliah\Praktikum PIE\Tubes\juragansepatu-ecommerce-codeigniter4\system\CodeIgniter.php(326): CodeIgniter\CodeIgniter->handleRequest(NULL, Object(Config\Cache), false)
#4 D:\Kuliah\Praktikum PIE\Tubes\juragansepatu-ecommerce-codeigniter4\public\index.php(37): CodeIgniter\CodeIgniter->run()
#5 D:\Kuliah\Praktikum PIE\Tubes\juragansepatu-ecommerce-codeigniter4\system\Commands\Server\rewrite.php(43): require_once('D:\\Kuliah\\Prakt...')
#6 {main}
CRITICAL - 2022-06-12 04:12:20 --> Undefined variable: review
#0 D:\Kuliah\Praktikum PIE\Tubes\juragansepatu-ecommerce-codeigniter4\app\Controllers\Customer_Reviews.php(46): CodeIgniter\Debug\Exceptions->errorHandler(8, 'Undefined varia...', 'D:\\Kuliah\\Prakt...', 46, Array)
#1 D:\Kuliah\Praktikum PIE\Tubes\juragansepatu-ecommerce-codeigniter4\system\CodeIgniter.php(832): App\Controllers\Customer_Reviews->write()
#2 D:\Kuliah\Praktikum PIE\Tubes\juragansepatu-ecommerce-codeigniter4\system\CodeIgniter.php(419): CodeIgniter\CodeIgniter->runController(Object(App\Controllers\Customer_Reviews))
#3 D:\Kuliah\Praktikum PIE\Tubes\juragansepatu-ecommerce-codeigniter4\system\CodeIgniter.php(326): CodeIgniter\CodeIgniter->handleRequest(NULL, Object(Config\Cache), false)
#4 D:\Kuliah\Praktikum PIE\Tubes\juragansepatu-ecommerce-codeigniter4\public\index.php(37): CodeIgniter\CodeIgniter->run()
#5 D:\Kuliah\Praktikum PIE\Tubes\juragansepatu-ecommerce-codeigniter4\system\Commands\Server\rewrite.php(43): require_once('D:\\Kuliah\\Prakt...')
#6 {main}
CRITICAL - 2022-06-12 04:17:07 --> Undefined variable: reviews
#0 D:\Kuliah\Praktikum PIE\Tubes\juragansepatu-ecommerce-codeigniter4\app\Views\customers\reviews\reviews.php(26): CodeIgniter\Debug\Exceptions->errorHandler(8, 'Undefined varia...', 'D:\\Kuliah\\Prakt...', 26, Array)
#1 D:\Kuliah\Praktikum PIE\Tubes\juragansepatu-ecommerce-codeigniter4\system\View\View.php(210): include('D:\\Kuliah\\Prakt...')
#2 D:\Kuliah\Praktikum PIE\Tubes\juragansepatu-ecommerce-codeigniter4\system\View\View.php(213): CodeIgniter\View\View->CodeIgniter\View\{closure}()
#3 D:\Kuliah\Praktikum PIE\Tubes\juragansepatu-ecommerce-codeigniter4\system\Common.php(1089): CodeIgniter\View\View->render('customers/revie...', Array, true)
#4 D:\Kuliah\Praktikum PIE\Tubes\juragansepatu-ecommerce-codeigniter4\app\Controllers\Customer_Reviews.php(46): view('customers/revie...', Array)
#5 D:\Kuliah\Praktikum PIE\Tubes\juragansepatu-ecommerce-codeigniter4\system\CodeIgniter.php(832): App\Controllers\Customer_Reviews->write()
#6 D:\Kuliah\Praktikum PIE\Tubes\juragansepatu-ecommerce-codeigniter4\system\CodeIgniter.php(419): CodeIgniter\CodeIgniter->runController(Object(App\Controllers\Customer_Reviews))
#7 D:\Kuliah\Praktikum PIE\Tubes\juragansepatu-ecommerce-codeigniter4\system\CodeIgniter.php(326): CodeIgniter\CodeIgniter->handleRequest(NULL, Object(Config\Cache), false)
#8 D:\Kuliah\Praktikum PIE\Tubes\juragansepatu-ecommerce-codeigniter4\public\index.php(37): CodeIgniter\CodeIgniter->run()
#9 D:\Kuliah\Praktikum PIE\Tubes\juragansepatu-ecommerce-codeigniter4\system\Commands\Server\rewrite.php(43): require_once('D:\\Kuliah\\Prakt...')
#10 {main}
CRITICAL - 2022-06-12 04:17:48 --> Undefined variable: review
#0 D:\Kuliah\Praktikum PIE\Tubes\juragansepatu-ecommerce-codeigniter4\app\Views\customers\reviews\reviews.php(26): CodeIgniter\Debug\Exceptions->errorHandler(8, 'Undefined varia...', 'D:\\Kuliah\\Prakt...', 26, Array)
#1 D:\Kuliah\Praktikum PIE\Tubes\juragansepatu-ecommerce-codeigniter4\system\View\View.php(210): include('D:\\Kuliah\\Prakt...')
#2 D:\Kuliah\Praktikum PIE\Tubes\juragansepatu-ecommerce-codeigniter4\system\View\View.php(213): CodeIgniter\View\View->CodeIgniter\View\{closure}()
#3 D:\Kuliah\Praktikum PIE\Tubes\juragansepatu-ecommerce-codeigniter4\system\Common.php(1089): CodeIgniter\View\View->render('customers/revie...', Array, true)
#4 D:\Kuliah\Praktikum PIE\Tubes\juragansepatu-ecommerce-codeigniter4\app\Controllers\Customer_Reviews.php(46): view('customers/revie...', Array)
#5 D:\Kuliah\Praktikum PIE\Tubes\juragansepatu-ecommerce-codeigniter4\system\CodeIgniter.php(832): App\Controllers\Customer_Reviews->write()
#6 D:\Kuliah\Praktikum PIE\Tubes\juragansepatu-ecommerce-codeigniter4\system\CodeIgniter.php(419): CodeIgniter\CodeIgniter->runController(Object(App\Controllers\Customer_Reviews))
#7 D:\Kuliah\Praktikum PIE\Tubes\juragansepatu-ecommerce-codeigniter4\system\CodeIgniter.php(326): CodeIgniter\CodeIgniter->handleRequest(NULL, Object(Config\Cache), false)
#8 D:\Kuliah\Praktikum PIE\Tubes\juragansepatu-ecommerce-codeigniter4\public\index.php(37): CodeIgniter\CodeIgniter->run()
#9 D:\Kuliah\Praktikum PIE\Tubes\juragansepatu-ecommerce-codeigniter4\system\Commands\Server\rewrite.php(43): require_once('D:\\Kuliah\\Prakt...')
#10 {main}
CRITICAL - 2022-06-12 04:19:24 --> Undefined variable: reviews
#0 D:\Kuliah\Praktikum PIE\Tubes\juragansepatu-ecommerce-codeigniter4\app\Views\customers\reviews\reviews.php(26): CodeIgniter\Debug\Exceptions->errorHandler(8, 'Undefined varia...', 'D:\\Kuliah\\Prakt...', 26, Array)
#1 D:\Kuliah\Praktikum PIE\Tubes\juragansepatu-ecommerce-codeigniter4\system\View\View.php(210): include('D:\\Kuliah\\Prakt...')
#2 D:\Kuliah\Praktikum PIE\Tubes\juragansepatu-ecommerce-codeigniter4\system\View\View.php(213): CodeIgniter\View\View->CodeIgniter\View\{closure}()
#3 D:\Kuliah\Praktikum PIE\Tubes\juragansepatu-ecommerce-codeigniter4\system\Common.php(1089): CodeIgniter\View\View->render('customers/revie...', Array, true)
#4 D:\Kuliah\Praktikum PIE\Tubes\juragansepatu-ecommerce-codeigniter4\app\Controllers\Customer_Reviews.php(46): view('customers/revie...', Array)
#5 D:\Kuliah\Praktikum PIE\Tubes\juragansepatu-ecommerce-codeigniter4\system\CodeIgniter.php(832): App\Controllers\Customer_Reviews->write()
#6 D:\Kuliah\Praktikum PIE\Tubes\juragansepatu-ecommerce-codeigniter4\system\CodeIgniter.php(419): CodeIgniter\CodeIgniter->runController(Object(App\Controllers\Customer_Reviews))
#7 D:\Kuliah\Praktikum PIE\Tubes\juragansepatu-ecommerce-codeigniter4\system\CodeIgniter.php(326): CodeIgniter\CodeIgniter->handleRequest(NULL, Object(Config\Cache), false)
#8 D:\Kuliah\Praktikum PIE\Tubes\juragansepatu-ecommerce-codeigniter4\public\index.php(37): CodeIgniter\CodeIgniter->run()
#9 D:\Kuliah\Praktikum PIE\Tubes\juragansepatu-ecommerce-codeigniter4\system\Commands\Server\rewrite.php(43): require_once('D:\\Kuliah\\Prakt...')
#10 {main}
CRITICAL - 2022-06-12 04:19:40 --> Undefined variable: reviews
#0 D:\Kuliah\Praktikum PIE\Tubes\juragansepatu-ecommerce-codeigniter4\app\Controllers\Customer_Reviews.php(46): CodeIgniter\Debug\Exceptions->errorHandler(8, 'Undefined varia...', 'D:\\Kuliah\\Prakt...', 46, Array)
#1 D:\Kuliah\Praktikum PIE\Tubes\juragansepatu-ecommerce-codeigniter4\system\CodeIgniter.php(832): App\Controllers\Customer_Reviews->write()
#2 D:\Kuliah\Praktikum PIE\Tubes\juragansepatu-ecommerce-codeigniter4\system\CodeIgniter.php(419): CodeIgniter\CodeIgniter->runController(Object(App\Controllers\Customer_Reviews))
#3 D:\Kuliah\Praktikum PIE\Tubes\juragansepatu-ecommerce-codeigniter4\system\CodeIgniter.php(326): CodeIgniter\CodeIgniter->handleRequest(NULL, Object(Config\Cache), false)
#4 D:\Kuliah\Praktikum PIE\Tubes\juragansepatu-ecommerce-codeigniter4\public\index.php(37): CodeIgniter\CodeIgniter->run()
#5 D:\Kuliah\Praktikum PIE\Tubes\juragansepatu-ecommerce-codeigniter4\system\Commands\Server\rewrite.php(43): require_once('D:\\Kuliah\\Prakt...')
#6 {main}
CRITICAL - 2022-06-12 04:20:25 --> Undefined variable: reviews
#0 D:\Kuliah\Praktikum PIE\Tubes\juragansepatu-ecommerce-codeigniter4\app\Views\customers\reviews\reviews.php(26): CodeIgniter\Debug\Exceptions->errorHandler(8, 'Undefined varia...', 'D:\\Kuliah\\Prakt...', 26, Array)
#1 D:\Kuliah\Praktikum PIE\Tubes\juragansepatu-ecommerce-codeigniter4\system\View\View.php(210): include('D:\\Kuliah\\Prakt...')
#2 D:\Kuliah\Praktikum PIE\Tubes\juragansepatu-ecommerce-codeigniter4\system\View\View.php(213): CodeIgniter\View\View->CodeIgniter\View\{closure}()
#3 D:\Kuliah\Praktikum PIE\Tubes\juragansepatu-ecommerce-codeigniter4\system\Common.php(1089): CodeIgniter\View\View->render('customers/revie...', Array, true)
#4 D:\Kuliah\Praktikum PIE\Tubes\juragansepatu-ecommerce-codeigniter4\app\Controllers\Customer_Reviews.php(46): view('customers/revie...', Array)
#5 D:\Kuliah\Praktikum PIE\Tubes\juragansepatu-ecommerce-codeigniter4\system\CodeIgniter.php(832): App\Controllers\Customer_Reviews->write()
#6 D:\Kuliah\Praktikum PIE\Tubes\juragansepatu-ecommerce-codeigniter4\system\CodeIgniter.php(419): CodeIgniter\CodeIgniter->runController(Object(App\Controllers\Customer_Reviews))
#7 D:\Kuliah\Praktikum PIE\Tubes\juragansepatu-ecommerce-codeigniter4\system\CodeIgniter.php(326): CodeIgniter\CodeIgniter->handleRequest(NULL, Object(Config\Cache), false)
#8 D:\Kuliah\Praktikum PIE\Tubes\juragansepatu-ecommerce-codeigniter4\public\index.php(37): CodeIgniter\CodeIgniter->run()
#9 D:\Kuliah\Praktikum PIE\Tubes\juragansepatu-ecommerce-codeigniter4\system\Commands\Server\rewrite.php(43): require_once('D:\\Kuliah\\Prakt...')
#10 {main}
CRITICAL - 2022-06-12 04:21:18 --> Undefined variable: review
#0 D:\Kuliah\Praktikum PIE\Tubes\juragansepatu-ecommerce-codeigniter4\app\Views\customers\reviews\reviews.php(26): CodeIgniter\Debug\Exceptions->errorHandler(8, 'Undefined varia...', 'D:\\Kuliah\\Prakt...', 26, Array)
#1 D:\Kuliah\Praktikum PIE\Tubes\juragansepatu-ecommerce-codeigniter4\system\View\View.php(210): include('D:\\Kuliah\\Prakt...')
#2 D:\Kuliah\Praktikum PIE\Tubes\juragansepatu-ecommerce-codeigniter4\system\View\View.php(213): CodeIgniter\View\View->CodeIgniter\View\{closure}()
#3 D:\Kuliah\Praktikum PIE\Tubes\juragansepatu-ecommerce-codeigniter4\system\Common.php(1089): CodeIgniter\View\View->render('customers/revie...', Array, true)
#4 D:\Kuliah\Praktikum PIE\Tubes\juragansepatu-ecommerce-codeigniter4\app\Controllers\Customer_Reviews.php(46): view('customers/revie...', Array)
#5 D:\Kuliah\Praktikum PIE\Tubes\juragansepatu-ecommerce-codeigniter4\system\CodeIgniter.php(832): App\Controllers\Customer_Reviews->write()
#6 D:\Kuliah\Praktikum PIE\Tubes\juragansepatu-ecommerce-codeigniter4\system\CodeIgniter.php(419): CodeIgniter\CodeIgniter->runController(Object(App\Controllers\Customer_Reviews))
#7 D:\Kuliah\Praktikum PIE\Tubes\juragansepatu-ecommerce-codeigniter4\system\CodeIgniter.php(326): CodeIgniter\CodeIgniter->handleRequest(NULL, Object(Config\Cache), false)
#8 D:\Kuliah\Praktikum PIE\Tubes\juragansepatu-ecommerce-codeigniter4\public\index.php(37): CodeIgniter\CodeIgniter->run()
#9 D:\Kuliah\Praktikum PIE\Tubes\juragansepatu-ecommerce-codeigniter4\system\Commands\Server\rewrite.php(43): require_once('D:\\Kuliah\\Prakt...')
#10 {main}
CRITICAL - 2022-06-12 04:25:05 --> Undefined variable: reviews
#0 D:\Kuliah\Praktikum PIE\Tubes\juragansepatu-ecommerce-codeigniter4\app\Views\customers\reviews\reviews.php(26): CodeIgniter\Debug\Exceptions->errorHandler(8, 'Undefined varia...', 'D:\\Kuliah\\Prakt...', 26, Array)
#1 D:\Kuliah\Praktikum PIE\Tubes\juragansepatu-ecommerce-codeigniter4\system\View\View.php(210): include('D:\\Kuliah\\Prakt...')
#2 D:\Kuliah\Praktikum PIE\Tubes\juragansepatu-ecommerce-codeigniter4\system\View\View.php(213): CodeIgniter\View\View->CodeIgniter\View\{closure}()
#3 D:\Kuliah\Praktikum PIE\Tubes\juragansepatu-ecommerce-codeigniter4\system\Common.php(1089): CodeIgniter\View\View->render('customers/revie...', Array, true)
#4 D:\Kuliah\Praktikum PIE\Tubes\juragansepatu-ecommerce-codeigniter4\app\Controllers\Customer_Reviews.php(45): view('customers/revie...', Array)
#5 D:\Kuliah\Praktikum PIE\Tubes\juragansepatu-ecommerce-codeigniter4\system\CodeIgniter.php(832): App\Controllers\Customer_Reviews->write()
#6 D:\Kuliah\Praktikum PIE\Tubes\juragansepatu-ecommerce-codeigniter4\system\CodeIgniter.php(419): CodeIgniter\CodeIgniter->runController(Object(App\Controllers\Customer_Reviews))
#7 D:\Kuliah\Praktikum PIE\Tubes\juragansepatu-ecommerce-codeigniter4\system\CodeIgniter.php(326): CodeIgniter\CodeIgniter->handleRequest(NULL, Object(Config\Cache), false)
#8 D:\Kuliah\Praktikum PIE\Tubes\juragansepatu-ecommerce-codeigniter4\public\index.php(37): CodeIgniter\CodeIgniter->run()
#9 D:\Kuliah\Praktikum PIE\Tubes\juragansepatu-ecommerce-codeigniter4\system\Commands\Server\rewrite.php(43): require_once('D:\\Kuliah\\Prakt...')
#10 {main}
CRITICAL - 2022-06-12 04:25:28 --> Undefined variable: reviews
#0 D:\Kuliah\Praktikum PIE\Tubes\juragansepatu-ecommerce-codeigniter4\app\Views\customers\reviews\reviews.php(26): CodeIgniter\Debug\Exceptions->errorHandler(8, 'Undefined varia...', 'D:\\Kuliah\\Prakt...', 26, Array)
#1 D:\Kuliah\Praktikum PIE\Tubes\juragansepatu-ecommerce-codeigniter4\system\View\View.php(210): include('D:\\Kuliah\\Prakt...')
#2 D:\Kuliah\Praktikum PIE\Tubes\juragansepatu-ecommerce-codeigniter4\system\View\View.php(213): CodeIgniter\View\View->CodeIgniter\View\{closure}()
#3 D:\Kuliah\Praktikum PIE\Tubes\juragansepatu-ecommerce-codeigniter4\system\Common.php(1089): CodeIgniter\View\View->render('customers/revie...', Array, true)
#4 D:\Kuliah\Praktikum PIE\Tubes\juragansepatu-ecommerce-codeigniter4\app\Controllers\Customer_Reviews.php(45): view('customers/revie...', Array)
#5 D:\Kuliah\Praktikum PIE\Tubes\juragansepatu-ecommerce-codeigniter4\system\CodeIgniter.php(832): App\Controllers\Customer_Reviews->write()
#6 D:\Kuliah\Praktikum PIE\Tubes\juragansepatu-ecommerce-codeigniter4\system\CodeIgniter.php(419): CodeIgniter\CodeIgniter->runController(Object(App\Controllers\Customer_Reviews))
#7 D:\Kuliah\Praktikum PIE\Tubes\juragansepatu-ecommerce-codeigniter4\system\CodeIgniter.php(326): CodeIgniter\CodeIgniter->handleRequest(NULL, Object(Config\Cache), false)
#8 D:\Kuliah\Praktikum PIE\Tubes\juragansepatu-ecommerce-codeigniter4\public\index.php(37): CodeIgniter\CodeIgniter->run()
#9 D:\Kuliah\Praktikum PIE\Tubes\juragansepatu-ecommerce-codeigniter4\system\Commands\Server\rewrite.php(43): require_once('D:\\Kuliah\\Prakt...')
#10 {main}
CRITICAL - 2022-06-12 04:27:18 --> Trying to get property 'id' of non-object
#0 D:\Kuliah\Praktikum PIE\Tubes\juragansepatu-ecommerce-codeigniter4\app\Views\customers\reviews\reviews.php(38): CodeIgniter\Debug\Exceptions->errorHandler(8, 'Trying to get p...', 'D:\\Kuliah\\Prakt...', 38, Array)
#1 D:\Kuliah\Praktikum PIE\Tubes\juragansepatu-ecommerce-codeigniter4\system\View\View.php(210): include('D:\\Kuliah\\Prakt...')
#2 D:\Kuliah\Praktikum PIE\Tubes\juragansepatu-ecommerce-codeigniter4\system\View\View.php(213): CodeIgniter\View\View->CodeIgniter\View\{closure}()
#3 D:\Kuliah\Praktikum PIE\Tubes\juragansepatu-ecommerce-codeigniter4\system\Common.php(1089): CodeIgniter\View\View->render('customers/revie...', Array, true)
#4 D:\Kuliah\Praktikum PIE\Tubes\juragansepatu-ecommerce-codeigniter4\app\Controllers\Customer_Reviews.php(36): view('customers/revie...', Array)
#5 D:\Kuliah\Praktikum PIE\Tubes\juragansepatu-ecommerce-codeigniter4\system\CodeIgniter.php(832): App\Controllers\Customer_Reviews->index()
#6 D:\Kuliah\Praktikum PIE\Tubes\juragansepatu-ecommerce-codeigniter4\system\CodeIgniter.php(419): CodeIgniter\CodeIgniter->runController(Object(App\Controllers\Customer_Reviews))
#7 D:\Kuliah\Praktikum PIE\Tubes\juragansepatu-ecommerce-codeigniter4\system\CodeIgniter.php(326): CodeIgniter\CodeIgniter->handleRequest(NULL, Object(Config\Cache), false)
#8 D:\Kuliah\Praktikum PIE\Tubes\juragansepatu-ecommerce-codeigniter4\public\index.php(37): CodeIgniter\CodeIgniter->run()
#9 D:\Kuliah\Praktikum PIE\Tubes\juragansepatu-ecommerce-codeigniter4\system\Commands\Server\rewrite.php(43): require_once('D:\\Kuliah\\Prakt...')
#10 {main}
CRITICAL - 2022-06-12 04:30:14 --> Use of undefined constant id - assumed 'id' (this will throw an Error in a future version of PHP)
#0 D:\Kuliah\Praktikum PIE\Tubes\juragansepatu-ecommerce-codeigniter4\app\Views\customers\reviews\reviews.php(38): CodeIgniter\Debug\Exceptions->errorHandler(2, 'Use of undefine...', 'D:\\Kuliah\\Prakt...', 38, Array)
#1 D:\Kuliah\Praktikum PIE\Tubes\juragansepatu-ecommerce-codeigniter4\system\View\View.php(210): include('D:\\Kuliah\\Prakt...')
#2 D:\Kuliah\Praktikum PIE\Tubes\juragansepatu-ecommerce-codeigniter4\system\View\View.php(213): CodeIgniter\View\View->CodeIgniter\View\{closure}()
#3 D:\Kuliah\Praktikum PIE\Tubes\juragansepatu-ecommerce-codeigniter4\system\Common.php(1089): CodeIgniter\View\View->render('customers/revie...', Array, true)
#4 D:\Kuliah\Praktikum PIE\Tubes\juragansepatu-ecommerce-codeigniter4\app\Controllers\Customer_Reviews.php(36): view('customers/revie...', Array)
#5 D:\Kuliah\Praktikum PIE\Tubes\juragansepatu-ecommerce-codeigniter4\system\CodeIgniter.php(832): App\Controllers\Customer_Reviews->index()
#6 D:\Kuliah\Praktikum PIE\Tubes\juragansepatu-ecommerce-codeigniter4\system\CodeIgniter.php(419): CodeIgniter\CodeIgniter->runController(Object(App\Controllers\Customer_Reviews))
#7 D:\Kuliah\Praktikum PIE\Tubes\juragansepatu-ecommerce-codeigniter4\system\CodeIgniter.php(326): CodeIgniter\CodeIgniter->handleRequest(NULL, Object(Config\Cache), false)
#8 D:\Kuliah\Praktikum PIE\Tubes\juragansepatu-ecommerce-codeigniter4\public\index.php(37): CodeIgniter\CodeIgniter->run()
#9 D:\Kuliah\Praktikum PIE\Tubes\juragansepatu-ecommerce-codeigniter4\system\Commands\Server\rewrite.php(43): require_once('D:\\Kuliah\\Prakt...')
#10 {main}
CRITICAL - 2022-06-12 04:30:43 --> Use of undefined constant id - assumed 'id' (this will throw an Error in a future version of PHP)
#0 D:\Kuliah\Praktikum PIE\Tubes\juragansepatu-ecommerce-codeigniter4\app\Views\customers\reviews\reviews.php(39): CodeIgniter\Debug\Exceptions->errorHandler(2, 'Use of undefine...', 'D:\\Kuliah\\Prakt...', 39, Array)
#1 D:\Kuliah\Praktikum PIE\Tubes\juragansepatu-ecommerce-codeigniter4\system\View\View.php(210): include('D:\\Kuliah\\Prakt...')
#2 D:\Kuliah\Praktikum PIE\Tubes\juragansepatu-ecommerce-codeigniter4\system\View\View.php(213): CodeIgniter\View\View->CodeIgniter\View\{closure}()
#3 D:\Kuliah\Praktikum PIE\Tubes\juragansepatu-ecommerce-codeigniter4\system\Common.php(1089): CodeIgniter\View\View->render('customers/revie...', Array, true)
#4 D:\Kuliah\Praktikum PIE\Tubes\juragansepatu-ecommerce-codeigniter4\app\Controllers\Customer_Reviews.php(36): view('customers/revie...', Array)
#5 D:\Kuliah\Praktikum PIE\Tubes\juragansepatu-ecommerce-codeigniter4\system\CodeIgniter.php(832): App\Controllers\Customer_Reviews->index()
#6 D:\Kuliah\Praktikum PIE\Tubes\juragansepatu-ecommerce-codeigniter4\system\CodeIgniter.php(419): CodeIgniter\CodeIgniter->runController(Object(App\Controllers\Customer_Reviews))
#7 D:\Kuliah\Praktikum PIE\Tubes\juragansepatu-ecommerce-codeigniter4\system\CodeIgniter.php(326): CodeIgniter\CodeIgniter->handleRequest(NULL, Object(Config\Cache), false)
#8 D:\Kuliah\Praktikum PIE\Tubes\juragansepatu-ecommerce-codeigniter4\public\index.php(37): CodeIgniter\CodeIgniter->run()
#9 D:\Kuliah\Praktikum PIE\Tubes\juragansepatu-ecommerce-codeigniter4\system\Commands\Server\rewrite.php(43): require_once('D:\\Kuliah\\Prakt...')
#10 {main}
CRITICAL - 2022-06-12 04:33:35 --> Undefined variable: pagination
#0 D:\Kuliah\Praktikum PIE\Tubes\juragansepatu-ecommerce-codeigniter4\app\Views\customers\reviews\reviews.php(52): CodeIgniter\Debug\Exceptions->errorHandler(8, 'Undefined varia...', 'D:\\Kuliah\\Prakt...', 52, Array)
#1 D:\Kuliah\Praktikum PIE\Tubes\juragansepatu-ecommerce-codeigniter4\system\View\View.php(210): include('D:\\Kuliah\\Prakt...')
#2 D:\Kuliah\Praktikum PIE\Tubes\juragansepatu-ecommerce-codeigniter4\system\View\View.php(213): CodeIgniter\View\View->CodeIgniter\View\{closure}()
#3 D:\Kuliah\Praktikum PIE\Tubes\juragansepatu-ecommerce-codeigniter4\system\Common.php(1089): CodeIgniter\View\View->render('customers/revie...', Array, true)
#4 D:\Kuliah\Praktikum PIE\Tubes\juragansepatu-ecommerce-codeigniter4\app\Controllers\Customer_Reviews.php(36): view('customers/revie...', Array)
#5 D:\Kuliah\Praktikum PIE\Tubes\juragansepatu-ecommerce-codeigniter4\system\CodeIgniter.php(832): App\Controllers\Customer_Reviews->index()
#6 D:\Kuliah\Praktikum PIE\Tubes\juragansepatu-ecommerce-codeigniter4\system\CodeIgniter.php(419): CodeIgniter\CodeIgniter->runController(Object(App\Controllers\Customer_Reviews))
#7 D:\Kuliah\Praktikum PIE\Tubes\juragansepatu-ecommerce-codeigniter4\system\CodeIgniter.php(326): CodeIgniter\CodeIgniter->handleRequest(NULL, Object(Config\Cache), false)
#8 D:\Kuliah\Praktikum PIE\Tubes\juragansepatu-ecommerce-codeigniter4\public\index.php(37): CodeIgniter\CodeIgniter->run()
#9 D:\Kuliah\Praktikum PIE\Tubes\juragansepatu-ecommerce-codeigniter4\system\Commands\Server\rewrite.php(43): require_once('D:\\Kuliah\\Prakt...')
#10 {main}
CRITICAL - 2022-06-12 04:37:01 --> Undefined variable: title
#0 D:\Kuliah\Praktikum PIE\Tubes\juragansepatu-ecommerce-codeigniter4\app\Views\themes\juraganshoes\template.php(5): CodeIgniter\Debug\Exceptions->errorHandler(8, 'Undefined varia...', 'D:\\Kuliah\\Prakt...', 5, Array)
#1 D:\Kuliah\Praktikum PIE\Tubes\juragansepatu-ecommerce-codeigniter4\system\View\View.php(210): include('D:\\Kuliah\\Prakt...')
#2 D:\Kuliah\Praktikum PIE\Tubes\juragansepatu-ecommerce-codeigniter4\system\View\View.php(213): CodeIgniter\View\View->CodeIgniter\View\{closure}()
#3 D:\Kuliah\Praktikum PIE\Tubes\juragansepatu-ecommerce-codeigniter4\system\View\View.php(226): CodeIgniter\View\View->render('themes\\juragans...', Array, true)
#4 D:\Kuliah\Praktikum PIE\Tubes\juragansepatu-ecommerce-codeigniter4\system\Common.php(1089): CodeIgniter\View\View->render('customers/revie...', Array, true)
#5 D:\Kuliah\Praktikum PIE\Tubes\juragansepatu-ecommerce-codeigniter4\app\Controllers\Customer_Reviews.php(36): view('customers/revie...', Array)
#6 D:\Kuliah\Praktikum PIE\Tubes\juragansepatu-ecommerce-codeigniter4\system\CodeIgniter.php(832): App\Controllers\Customer_Reviews->index()
#7 D:\Kuliah\Praktikum PIE\Tubes\juragansepatu-ecommerce-codeigniter4\system\CodeIgniter.php(419): CodeIgniter\CodeIgniter->runController(Object(App\Controllers\Customer_Reviews))
#8 D:\Kuliah\Praktikum PIE\Tubes\juragansepatu-ecommerce-codeigniter4\system\CodeIgniter.php(326): CodeIgniter\CodeIgniter->handleRequest(NULL, Object(Config\Cache), false)
#9 D:\Kuliah\Praktikum PIE\Tubes\juragansepatu-ecommerce-codeigniter4\public\index.php(37): CodeIgniter\CodeIgniter->run()
#10 D:\Kuliah\Praktikum PIE\Tubes\juragansepatu-ecommerce-codeigniter4\system\Commands\Server\rewrite.php(43): require_once('D:\\Kuliah\\Prakt...')
#11 {main}
CRITICAL - 2022-06-12 04:37:46 --> Undefined variable: title
#0 D:\Kuliah\Praktikum PIE\Tubes\juragansepatu-ecommerce-codeigniter4\app\Views\themes\juraganshoes\template.php(5): CodeIgniter\Debug\Exceptions->errorHandler(8, 'Undefined varia...', 'D:\\Kuliah\\Prakt...', 5, Array)
#1 D:\Kuliah\Praktikum PIE\Tubes\juragansepatu-ecommerce-codeigniter4\system\View\View.php(210): include('D:\\Kuliah\\Prakt...')
#2 D:\Kuliah\Praktikum PIE\Tubes\juragansepatu-ecommerce-codeigniter4\system\View\View.php(213): CodeIgniter\View\View->CodeIgniter\View\{closure}()
#3 D:\Kuliah\Praktikum PIE\Tubes\juragansepatu-ecommerce-codeigniter4\system\View\View.php(226): CodeIgniter\View\View->render('themes\\juragans...', Array, true)
#4 D:\Kuliah\Praktikum PIE\Tubes\juragansepatu-ecommerce-codeigniter4\system\Common.php(1089): CodeIgniter\View\View->render('customers/revie...', Array, true)
#5 D:\Kuliah\Praktikum PIE\Tubes\juragansepatu-ecommerce-codeigniter4\app\Controllers\Customer_Reviews.php(37): view('customers/revie...', Array)
#6 D:\Kuliah\Praktikum PIE\Tubes\juragansepatu-ecommerce-codeigniter4\system\CodeIgniter.php(832): App\Controllers\Customer_Reviews->index()
#7 D:\Kuliah\Praktikum PIE\Tubes\juragansepatu-ecommerce-codeigniter4\system\CodeIgniter.php(419): CodeIgniter\CodeIgniter->runController(Object(App\Controllers\Customer_Reviews))
#8 D:\Kuliah\Praktikum PIE\Tubes\juragansepatu-ecommerce-codeigniter4\system\CodeIgniter.php(326): CodeIgniter\CodeIgniter->handleRequest(NULL, Object(Config\Cache), false)
#9 D:\Kuliah\Praktikum PIE\Tubes\juragansepatu-ecommerce-codeigniter4\public\index.php(37): CodeIgniter\CodeIgniter->run()
#10 D:\Kuliah\Praktikum PIE\Tubes\juragansepatu-ecommerce-codeigniter4\system\Commands\Server\rewrite.php(43): require_once('D:\\Kuliah\\Prakt...')
#11 {main}
CRITICAL - 2022-06-12 04:38:43 --> Undefined variable: reviews
#0 D:\Kuliah\Praktikum PIE\Tubes\juragansepatu-ecommerce-codeigniter4\app\Views\customers\reviews\reviews.php(26): CodeIgniter\Debug\Exceptions->errorHandler(8, 'Undefined varia...', 'D:\\Kuliah\\Prakt...', 26, Array)
#1 D:\Kuliah\Praktikum PIE\Tubes\juragansepatu-ecommerce-codeigniter4\system\View\View.php(210): include('D:\\Kuliah\\Prakt...')
#2 D:\Kuliah\Praktikum PIE\Tubes\juragansepatu-ecommerce-codeigniter4\system\View\View.php(213): CodeIgniter\View\View->CodeIgniter\View\{closure}()
#3 D:\Kuliah\Praktikum PIE\Tubes\juragansepatu-ecommerce-codeigniter4\system\Common.php(1089): CodeIgniter\View\View->render('customers/revie...', Array, true)
#4 D:\Kuliah\Praktikum PIE\Tubes\juragansepatu-ecommerce-codeigniter4\app\Controllers\Customer_Reviews.php(46): view('customers/revie...', Array)
#5 D:\Kuliah\Praktikum PIE\Tubes\juragansepatu-ecommerce-codeigniter4\system\CodeIgniter.php(832): App\Controllers\Customer_Reviews->write()
#6 D:\Kuliah\Praktikum PIE\Tubes\juragansepatu-ecommerce-codeigniter4\system\CodeIgniter.php(419): CodeIgniter\CodeIgniter->runController(Object(App\Controllers\Customer_Reviews))
#7 D:\Kuliah\Praktikum PIE\Tubes\juragansepatu-ecommerce-codeigniter4\system\CodeIgniter.php(326): CodeIgniter\CodeIgniter->handleRequest(NULL, Object(Config\Cache), false)
#8 D:\Kuliah\Praktikum PIE\Tubes\juragansepatu-ecommerce-codeigniter4\public\index.php(37): CodeIgniter\CodeIgniter->run()
#9 D:\Kuliah\Praktikum PIE\Tubes\juragansepatu-ecommerce-codeigniter4\system\Commands\Server\rewrite.php(43): require_once('D:\\Kuliah\\Prakt...')
#10 {main}
CRITICAL - 2022-06-12 04:43:14 --> Undefined property: App\Controllers\Customer_Reviews::$load
#0 D:\Kuliah\Praktikum PIE\Tubes\juragansepatu-ecommerce-codeigniter4\app\Controllers\Customer_Reviews.php(47): CodeIgniter\Debug\Exceptions->errorHandler(8, 'Undefined prope...', 'D:\\Kuliah\\Prakt...', 47, Array)
#1 D:\Kuliah\Praktikum PIE\Tubes\juragansepatu-ecommerce-codeigniter4\system\CodeIgniter.php(832): App\Controllers\Customer_Reviews->write()
#2 D:\Kuliah\Praktikum PIE\Tubes\juragansepatu-ecommerce-codeigniter4\system\CodeIgniter.php(419): CodeIgniter\CodeIgniter->runController(Object(App\Controllers\Customer_Reviews))
#3 D:\Kuliah\Praktikum PIE\Tubes\juragansepatu-ecommerce-codeigniter4\system\CodeIgniter.php(326): CodeIgniter\CodeIgniter->handleRequest(NULL, Object(Config\Cache), false)
#4 D:\Kuliah\Praktikum PIE\Tubes\juragansepatu-ecommerce-codeigniter4\public\index.php(37): CodeIgniter\CodeIgniter->run()
#5 D:\Kuliah\Praktikum PIE\Tubes\juragansepatu-ecommerce-codeigniter4\system\Commands\Server\rewrite.php(43): require_once('D:\\Kuliah\\Prakt...')
#6 {main}
CRITICAL - 2022-06-12 04:43:46 --> Undefined variable: reviews
#0 D:\Kuliah\Praktikum PIE\Tubes\juragansepatu-ecommerce-codeigniter4\app\Controllers\Customer_Reviews.php(47): CodeIgniter\Debug\Exceptions->errorHandler(8, 'Undefined varia...', 'D:\\Kuliah\\Prakt...', 47, Array)
#1 D:\Kuliah\Praktikum PIE\Tubes\juragansepatu-ecommerce-codeigniter4\system\CodeIgniter.php(832): App\Controllers\Customer_Reviews->write()
#2 D:\Kuliah\Praktikum PIE\Tubes\juragansepatu-ecommerce-codeigniter4\system\CodeIgniter.php(419): CodeIgniter\CodeIgniter->runController(Object(App\Controllers\Customer_Reviews))
#3 D:\Kuliah\Praktikum PIE\Tubes\juragansepatu-ecommerce-codeigniter4\system\CodeIgniter.php(326): CodeIgniter\CodeIgniter->handleRequest(NULL, Object(Config\Cache), false)
#4 D:\Kuliah\Praktikum PIE\Tubes\juragansepatu-ecommerce-codeigniter4\public\index.php(37): CodeIgniter\CodeIgniter->run()
#5 D:\Kuliah\Praktikum PIE\Tubes\juragansepatu-ecommerce-codeigniter4\system\Commands\Server\rewrite.php(43): require_once('D:\\Kuliah\\Prakt...')
#6 {main}
CRITICAL - 2022-06-12 04:44:06 --> Undefined variable: reviews
#0 D:\Kuliah\Praktikum PIE\Tubes\juragansepatu-ecommerce-codeigniter4\app\Views\admin\reviews\reviews.php(34): CodeIgniter\Debug\Exceptions->errorHandler(8, 'Undefined varia...', 'D:\\Kuliah\\Prakt...', 34, Array)
#1 D:\Kuliah\Praktikum PIE\Tubes\juragansepatu-ecommerce-codeigniter4\system\View\View.php(210): include('D:\\Kuliah\\Prakt...')
#2 D:\Kuliah\Praktikum PIE\Tubes\juragansepatu-ecommerce-codeigniter4\system\View\View.php(213): CodeIgniter\View\View->CodeIgniter\View\{closure}()
#3 D:\Kuliah\Praktikum PIE\Tubes\juragansepatu-ecommerce-codeigniter4\system\Common.php(1089): CodeIgniter\View\View->render('admin/reviews/r...', Array, true)
#4 D:\Kuliah\Praktikum PIE\Tubes\juragansepatu-ecommerce-codeigniter4\app\Controllers\Customer_Reviews.php(47): view('admin/reviews/r...', Array)
#5 D:\Kuliah\Praktikum PIE\Tubes\juragansepatu-ecommerce-codeigniter4\system\CodeIgniter.php(832): App\Controllers\Customer_Reviews->write()
#6 D:\Kuliah\Praktikum PIE\Tubes\juragansepatu-ecommerce-codeigniter4\system\CodeIgniter.php(419): CodeIgniter\CodeIgniter->runController(Object(App\Controllers\Customer_Reviews))
#7 D:\Kuliah\Praktikum PIE\Tubes\juragansepatu-ecommerce-codeigniter4\system\CodeIgniter.php(326): CodeIgniter\CodeIgniter->handleRequest(NULL, Object(Config\Cache), false)
#8 D:\Kuliah\Praktikum PIE\Tubes\juragansepatu-ecommerce-codeigniter4\public\index.php(37): CodeIgniter\CodeIgniter->run()
#9 D:\Kuliah\Praktikum PIE\Tubes\juragansepatu-ecommerce-codeigniter4\system\Commands\Server\rewrite.php(43): require_once('D:\\Kuliah\\Prakt...')
#10 {main}
CRITICAL - 2022-06-12 04:44:38 --> Undefined variable: reviews
#0 D:\Kuliah\Praktikum PIE\Tubes\juragansepatu-ecommerce-codeigniter4\app\Views\admin\reviews\reviews.php(34): CodeIgniter\Debug\Exceptions->errorHandler(8, 'Undefined varia...', 'D:\\Kuliah\\Prakt...', 34, Array)
#1 D:\Kuliah\Praktikum PIE\Tubes\juragansepatu-ecommerce-codeigniter4\system\View\View.php(210): include('D:\\Kuliah\\Prakt...')
#2 D:\Kuliah\Praktikum PIE\Tubes\juragansepatu-ecommerce-codeigniter4\system\View\View.php(213): CodeIgniter\View\View->CodeIgniter\View\{closure}()
#3 D:\Kuliah\Praktikum PIE\Tubes\juragansepatu-ecommerce-codeigniter4\system\Common.php(1089): CodeIgniter\View\View->render('admin/reviews/r...', Array, true)
#4 D:\Kuliah\Praktikum PIE\Tubes\juragansepatu-ecommerce-codeigniter4\app\Controllers\Customer_Reviews.php(47): view('admin/reviews/r...', Array)
#5 D:\Kuliah\Praktikum PIE\Tubes\juragansepatu-ecommerce-codeigniter4\system\CodeIgniter.php(832): App\Controllers\Customer_Reviews->write()
#6 D:\Kuliah\Praktikum PIE\Tubes\juragansepatu-ecommerce-codeigniter4\system\CodeIgniter.php(419): CodeIgniter\CodeIgniter->runController(Object(App\Controllers\Customer_Reviews))
#7 D:\Kuliah\Praktikum PIE\Tubes\juragansepatu-ecommerce-codeigniter4\system\CodeIgniter.php(326): CodeIgniter\CodeIgniter->handleRequest(NULL, Object(Config\Cache), false)
#8 D:\Kuliah\Praktikum PIE\Tubes\juragansepatu-ecommerce-codeigniter4\public\index.php(37): CodeIgniter\CodeIgniter->run()
#9 D:\Kuliah\Praktikum PIE\Tubes\juragansepatu-ecommerce-codeigniter4\system\Commands\Server\rewrite.php(43): require_once('D:\\Kuliah\\Prakt...')
#10 {main}
CRITICAL - 2022-06-12 04:44:42 --> Undefined variable: currentPage
#0 D:\Kuliah\Praktikum PIE\Tubes\juragansepatu-ecommerce-codeigniter4\app\Controllers\Customer_Reviews.php(35): CodeIgniter\Debug\Exceptions->errorHandler(8, 'Undefined varia...', 'D:\\Kuliah\\Prakt...', 35, Array)
#1 D:\Kuliah\Praktikum PIE\Tubes\juragansepatu-ecommerce-codeigniter4\system\CodeIgniter.php(832): App\Controllers\Customer_Reviews->index()
#2 D:\Kuliah\Praktikum PIE\Tubes\juragansepatu-ecommerce-codeigniter4\system\CodeIgniter.php(419): CodeIgniter\CodeIgniter->runController(Object(App\Controllers\Customer_Reviews))
#3 D:\Kuliah\Praktikum PIE\Tubes\juragansepatu-ecommerce-codeigniter4\system\CodeIgniter.php(326): CodeIgniter\CodeIgniter->handleRequest(NULL, Object(Config\Cache), false)
#4 D:\Kuliah\Praktikum PIE\Tubes\juragansepatu-ecommerce-codeigniter4\public\index.php(37): CodeIgniter\CodeIgniter->run()
#5 D:\Kuliah\Praktikum PIE\Tubes\juragansepatu-ecommerce-codeigniter4\system\Commands\Server\rewrite.php(43): require_once('D:\\Kuliah\\Prakt...')
#6 {main}
CRITICAL - 2022-06-12 04:46:03 --> Undefined variable: currentPage
#0 D:\Kuliah\Praktikum PIE\Tubes\juragansepatu-ecommerce-codeigniter4\app\Controllers\Customer_Reviews.php(35): CodeIgniter\Debug\Exceptions->errorHandler(8, 'Undefined varia...', 'D:\\Kuliah\\Prakt...', 35, Array)
#1 D:\Kuliah\Praktikum PIE\Tubes\juragansepatu-ecommerce-codeigniter4\system\CodeIgniter.php(832): App\Controllers\Customer_Reviews->index()
#2 D:\Kuliah\Praktikum PIE\Tubes\juragansepatu-ecommerce-codeigniter4\system\CodeIgniter.php(419): CodeIgniter\CodeIgniter->runController(Object(App\Controllers\Customer_Reviews))
#3 D:\Kuliah\Praktikum PIE\Tubes\juragansepatu-ecommerce-codeigniter4\system\CodeIgniter.php(326): CodeIgniter\CodeIgniter->handleRequest(NULL, Object(Config\Cache), false)
#4 D:\Kuliah\Praktikum PIE\Tubes\juragansepatu-ecommerce-codeigniter4\public\index.php(37): CodeIgniter\CodeIgniter->run()
#5 D:\Kuliah\Praktikum PIE\Tubes\juragansepatu-ecommerce-codeigniter4\system\Commands\Server\rewrite.php(43): require_once('D:\\Kuliah\\Prakt...')
#6 {main}
CRITICAL - 2022-06-12 04:46:15 --> Undefined variable: review
#0 D:\Kuliah\Praktikum PIE\Tubes\juragansepatu-ecommerce-codeigniter4\app\Controllers\Customer_Reviews.php(37): CodeIgniter\Debug\Exceptions->errorHandler(8, 'Undefined varia...', 'D:\\Kuliah\\Prakt...', 37, Array)
#1 D:\Kuliah\Praktikum PIE\Tubes\juragansepatu-ecommerce-codeigniter4\system\CodeIgniter.php(832): App\Controllers\Customer_Reviews->index()
#2 D:\Kuliah\Praktikum PIE\Tubes\juragansepatu-ecommerce-codeigniter4\system\CodeIgniter.php(419): CodeIgniter\CodeIgniter->runController(Object(App\Controllers\Customer_Reviews))
#3 D:\Kuliah\Praktikum PIE\Tubes\juragansepatu-ecommerce-codeigniter4\system\CodeIgniter.php(326): CodeIgniter\CodeIgniter->handleRequest(NULL, Object(Config\Cache), false)
#4 D:\Kuliah\Praktikum PIE\Tubes\juragansepatu-ecommerce-codeigniter4\public\index.php(37): CodeIgniter\CodeIgniter->run()
#5 D:\Kuliah\Praktikum PIE\Tubes\juragansepatu-ecommerce-codeigniter4\system\Commands\Server\rewrite.php(43): require_once('D:\\Kuliah\\Prakt...')
#6 {main}
CRITICAL - 2022-06-12 04:46:18 --> Undefined variable: review
#0 D:\Kuliah\Praktikum PIE\Tubes\juragansepatu-ecommerce-codeigniter4\app\Controllers\Customer_Reviews.php(37): CodeIgniter\Debug\Exceptions->errorHandler(8, 'Undefined varia...', 'D:\\Kuliah\\Prakt...', 37, Array)
#1 D:\Kuliah\Praktikum PIE\Tubes\juragansepatu-ecommerce-codeigniter4\system\CodeIgniter.php(832): App\Controllers\Customer_Reviews->index()
#2 D:\Kuliah\Praktikum PIE\Tubes\juragansepatu-ecommerce-codeigniter4\system\CodeIgniter.php(419): CodeIgniter\CodeIgniter->runController(Object(App\Controllers\Customer_Reviews))
#3 D:\Kuliah\Praktikum PIE\Tubes\juragansepatu-ecommerce-codeigniter4\system\CodeIgniter.php(326): CodeIgniter\CodeIgniter->handleRequest(NULL, Object(Config\Cache), false)
#4 D:\Kuliah\Praktikum PIE\Tubes\juragansepatu-ecommerce-codeigniter4\public\index.php(37): CodeIgniter\CodeIgniter->run()
#5 D:\Kuliah\Praktikum PIE\Tubes\juragansepatu-ecommerce-codeigniter4\system\Commands\Server\rewrite.php(43): require_once('D:\\Kuliah\\Prakt...')
#6 {main}
CRITICAL - 2022-06-12 04:46:50 --> Undefined property: App\Controllers\Customer_Reviews::$load
#0 D:\Kuliah\Praktikum PIE\Tubes\juragansepatu-ecommerce-codeigniter4\app\Controllers\Customer_Reviews.php(54): CodeIgniter\Debug\Exceptions->errorHandler(8, 'Undefined prope...', 'D:\\Kuliah\\Prakt...', 54, Array)
#1 D:\Kuliah\Praktikum PIE\Tubes\juragansepatu-ecommerce-codeigniter4\system\CodeIgniter.php(832): App\Controllers\Customer_Reviews->index()
#2 D:\Kuliah\Praktikum PIE\Tubes\juragansepatu-ecommerce-codeigniter4\system\CodeIgniter.php(419): CodeIgniter\CodeIgniter->runController(Object(App\Controllers\Customer_Reviews))
#3 D:\Kuliah\Praktikum PIE\Tubes\juragansepatu-ecommerce-codeigniter4\system\CodeIgniter.php(326): CodeIgniter\CodeIgniter->handleRequest(NULL, Object(Config\Cache), false)
#4 D:\Kuliah\Praktikum PIE\Tubes\juragansepatu-ecommerce-codeigniter4\public\index.php(37): CodeIgniter\CodeIgniter->run()
#5 D:\Kuliah\Praktikum PIE\Tubes\juragansepatu-ecommerce-codeigniter4\system\Commands\Server\rewrite.php(43): require_once('D:\\Kuliah\\Prakt...')
#6 {main}
CRITICAL - 2022-06-12 04:48:11 --> Undefined variable: review
#0 D:\Kuliah\Praktikum PIE\Tubes\juragansepatu-ecommerce-codeigniter4\app\Controllers\Customer_Reviews.php(37): CodeIgniter\Debug\Exceptions->errorHandler(8, 'Undefined varia...', 'D:\\Kuliah\\Prakt...', 37, Array)
#1 D:\Kuliah\Praktikum PIE\Tubes\juragansepatu-ecommerce-codeigniter4\system\CodeIgniter.php(832): App\Controllers\Customer_Reviews->index()
#2 D:\Kuliah\Praktikum PIE\Tubes\juragansepatu-ecommerce-codeigniter4\system\CodeIgniter.php(419): CodeIgniter\CodeIgniter->runController(Object(App\Controllers\Customer_Reviews))
#3 D:\Kuliah\Praktikum PIE\Tubes\juragansepatu-ecommerce-codeigniter4\system\CodeIgniter.php(326): CodeIgniter\CodeIgniter->handleRequest(NULL, Object(Config\Cache), false)
#4 D:\Kuliah\Praktikum PIE\Tubes\juragansepatu-ecommerce-codeigniter4\public\index.php(37): CodeIgniter\CodeIgniter->run()
#5 D:\Kuliah\Praktikum PIE\Tubes\juragansepatu-ecommerce-codeigniter4\system\Commands\Server\rewrite.php(43): require_once('D:\\Kuliah\\Prakt...')
#6 {main}
CRITICAL - 2022-06-12 04:48:57 --> Trying to get property 'id' of non-object
#0 D:\Kuliah\Praktikum PIE\Tubes\juragansepatu-ecommerce-codeigniter4\app\Views\customers\reviews\reviews.php(38): CodeIgniter\Debug\Exceptions->errorHandler(8, 'Trying to get p...', 'D:\\Kuliah\\Prakt...', 38, Array)
#1 D:\Kuliah\Praktikum PIE\Tubes\juragansepatu-ecommerce-codeigniter4\system\View\View.php(210): include('D:\\Kuliah\\Prakt...')
#2 D:\Kuliah\Praktikum PIE\Tubes\juragansepatu-ecommerce-codeigniter4\system\View\View.php(213): CodeIgniter\View\View->CodeIgniter\View\{closure}()
#3 D:\Kuliah\Praktikum PIE\Tubes\juragansepatu-ecommerce-codeigniter4\system\Common.php(1089): CodeIgniter\View\View->render('customers/revie...', Array, true)
#4 D:\Kuliah\Praktikum PIE\Tubes\juragansepatu-ecommerce-codeigniter4\app\Controllers\Customer_Reviews.php(37): view('customers/revie...', Array)
#5 D:\Kuliah\Praktikum PIE\Tubes\juragansepatu-ecommerce-codeigniter4\system\CodeIgniter.php(832): App\Controllers\Customer_Reviews->index()
#6 D:\Kuliah\Praktikum PIE\Tubes\juragansepatu-ecommerce-codeigniter4\system\CodeIgniter.php(419): CodeIgniter\CodeIgniter->runController(Object(App\Controllers\Customer_Reviews))
#7 D:\Kuliah\Praktikum PIE\Tubes\juragansepatu-ecommerce-codeigniter4\system\CodeIgniter.php(326): CodeIgniter\CodeIgniter->handleRequest(NULL, Object(Config\Cache), false)
#8 D:\Kuliah\Praktikum PIE\Tubes\juragansepatu-ecommerce-codeigniter4\public\index.php(37): CodeIgniter\CodeIgniter->run()
#9 D:\Kuliah\Praktikum PIE\Tubes\juragansepatu-ecommerce-codeigniter4\system\Commands\Server\rewrite.php(43): require_once('D:\\Kuliah\\Prakt...')
#10 {main}
CRITICAL - 2022-06-12 04:55:42 --> Call to undefined function App\Controllers\show_404()
#0 D:\Kuliah\Praktikum PIE\Tubes\juragansepatu-ecommerce-codeigniter4\system\CodeIgniter.php(832): App\Controllers\Customer_Reviews->view('1')
#1 D:\Kuliah\Praktikum PIE\Tubes\juragansepatu-ecommerce-codeigniter4\system\CodeIgniter.php(419): CodeIgniter\CodeIgniter->runController(Object(App\Controllers\Customer_Reviews))
#2 D:\Kuliah\Praktikum PIE\Tubes\juragansepatu-ecommerce-codeigniter4\system\CodeIgniter.php(326): CodeIgniter\CodeIgniter->handleRequest(NULL, Object(Config\Cache), false)
#3 D:\Kuliah\Praktikum PIE\Tubes\juragansepatu-ecommerce-codeigniter4\public\index.php(37): CodeIgniter\CodeIgniter->run()
#4 D:\Kuliah\Praktikum PIE\Tubes\juragansepatu-ecommerce-codeigniter4\system\Commands\Server\rewrite.php(43): require_once('D:\\Kuliah\\Prakt...')
#5 {main}
CRITICAL - 2022-06-12 04:55:52 --> Undefined variable: reviews
#0 D:\Kuliah\Praktikum PIE\Tubes\juragansepatu-ecommerce-codeigniter4\app\Views\customers\reviews\reviews.php(27): CodeIgniter\Debug\Exceptions->errorHandler(8, 'Undefined varia...', 'D:\\Kuliah\\Prakt...', 27, Array)
#1 D:\Kuliah\Praktikum PIE\Tubes\juragansepatu-ecommerce-codeigniter4\system\View\View.php(210): include('D:\\Kuliah\\Prakt...')
#2 D:\Kuliah\Praktikum PIE\Tubes\juragansepatu-ecommerce-codeigniter4\system\View\View.php(213): CodeIgniter\View\View->CodeIgniter\View\{closure}()
#3 D:\Kuliah\Praktikum PIE\Tubes\juragansepatu-ecommerce-codeigniter4\system\Common.php(1089): CodeIgniter\View\View->render('customers/revie...', Array, true)
#4 D:\Kuliah\Praktikum PIE\Tubes\juragansepatu-ecommerce-codeigniter4\app\Controllers\Customer_Reviews.php(46): view('customers/revie...', Array)
#5 D:\Kuliah\Praktikum PIE\Tubes\juragansepatu-ecommerce-codeigniter4\system\CodeIgniter.php(832): App\Controllers\Customer_Reviews->write()
#6 D:\Kuliah\Praktikum PIE\Tubes\juragansepatu-ecommerce-codeigniter4\system\CodeIgniter.php(419): CodeIgniter\CodeIgniter->runController(Object(App\Controllers\Customer_Reviews))
#7 D:\Kuliah\Praktikum PIE\Tubes\juragansepatu-ecommerce-codeigniter4\system\CodeIgniter.php(326): CodeIgniter\CodeIgniter->handleRequest(NULL, Object(Config\Cache), false)
#8 D:\Kuliah\Praktikum PIE\Tubes\juragansepatu-ecommerce-codeigniter4\public\index.php(37): CodeIgniter\CodeIgniter->run()
#9 D:\Kuliah\Praktikum PIE\Tubes\juragansepatu-ecommerce-codeigniter4\system\Commands\Server\rewrite.php(43): require_once('D:\\Kuliah\\Prakt...')
#10 {main}
CRITICAL - 2022-06-12 04:57:00 --> Undefined variable: reviews
#0 D:\Kuliah\Praktikum PIE\Tubes\juragansepatu-ecommerce-codeigniter4\app\Views\customers\reviews\reviews.php(27): CodeIgniter\Debug\Exceptions->errorHandler(8, 'Undefined varia...', 'D:\\Kuliah\\Prakt...', 27, Array)
#1 D:\Kuliah\Praktikum PIE\Tubes\juragansepatu-ecommerce-codeigniter4\system\View\View.php(210): include('D:\\Kuliah\\Prakt...')
#2 D:\Kuliah\Praktikum PIE\Tubes\juragansepatu-ecommerce-codeigniter4\system\View\View.php(213): CodeIgniter\View\View->CodeIgniter\View\{closure}()
#3 D:\Kuliah\Praktikum PIE\Tubes\juragansepatu-ecommerce-codeigniter4\system\Common.php(1089): CodeIgniter\View\View->render('customers/revie...', Array, true)
#4 D:\Kuliah\Praktikum PIE\Tubes\juragansepatu-ecommerce-codeigniter4\app\Controllers\Customer_Reviews.php(46): view('customers/revie...', Array)
#5 D:\Kuliah\Praktikum PIE\Tubes\juragansepatu-ecommerce-codeigniter4\system\CodeIgniter.php(832): App\Controllers\Customer_Reviews->write()
#6 D:\Kuliah\Praktikum PIE\Tubes\juragansepatu-ecommerce-codeigniter4\system\CodeIgniter.php(419): CodeIgniter\CodeIgniter->runController(Object(App\Controllers\Customer_Reviews))
#7 D:\Kuliah\Praktikum PIE\Tubes\juragansepatu-ecommerce-codeigniter4\system\CodeIgniter.php(326): CodeIgniter\CodeIgniter->handleRequest(NULL, Object(Config\Cache), false)
#8 D:\Kuliah\Praktikum PIE\Tubes\juragansepatu-ecommerce-codeigniter4\public\index.php(37): CodeIgniter\CodeIgniter->run()
#9 D:\Kuliah\Praktikum PIE\Tubes\juragansepatu-ecommerce-codeigniter4\system\Commands\Server\rewrite.php(43): require_once('D:\\Kuliah\\Prakt...')
#10 {main}
CRITICAL - 2022-06-12 04:57:48 --> Undefined variable: reviews
#0 D:\Kuliah\Praktikum PIE\Tubes\juragansepatu-ecommerce-codeigniter4\app\Views\customers\reviews\reviews.php(27): CodeIgniter\Debug\Exceptions->errorHandler(8, 'Undefined varia...', 'D:\\Kuliah\\Prakt...', 27, Array)
#1 D:\Kuliah\Praktikum PIE\Tubes\juragansepatu-ecommerce-codeigniter4\system\View\View.php(210): include('D:\\Kuliah\\Prakt...')
#2 D:\Kuliah\Praktikum PIE\Tubes\juragansepatu-ecommerce-codeigniter4\system\View\View.php(213): CodeIgniter\View\View->CodeIgniter\View\{closure}()
#3 D:\Kuliah\Praktikum PIE\Tubes\juragansepatu-ecommerce-codeigniter4\system\Common.php(1089): CodeIgniter\View\View->render('customers/revie...', Array, true)
#4 D:\Kuliah\Praktikum PIE\Tubes\juragansepatu-ecommerce-codeigniter4\app\Controllers\Customer_Reviews.php(46): view('customers/revie...', Array)
#5 D:\Kuliah\Praktikum PIE\Tubes\juragansepatu-ecommerce-codeigniter4\system\CodeIgniter.php(832): App\Controllers\Customer_Reviews->write()
#6 D:\Kuliah\Praktikum PIE\Tubes\juragansepatu-ecommerce-codeigniter4\system\CodeIgniter.php(419): CodeIgniter\CodeIgniter->runController(Object(App\Controllers\Customer_Reviews))
#7 D:\Kuliah\Praktikum PIE\Tubes\juragansepatu-ecommerce-codeigniter4\system\CodeIgniter.php(326): CodeIgniter\CodeIgniter->handleRequest(NULL, Object(Config\Cache), false)
#8 D:\Kuliah\Praktikum PIE\Tubes\juragansepatu-ecommerce-codeigniter4\public\index.php(37): CodeIgniter\CodeIgniter->run()
#9 D:\Kuliah\Praktikum PIE\Tubes\juragansepatu-ecommerce-codeigniter4\system\Commands\Server\rewrite.php(43): require_once('D:\\Kuliah\\Prakt...')
#10 {main}
CRITICAL - 2022-06-12 05:04:10 --> Undefined variable: reviews
#0 D:\Kuliah\Praktikum PIE\Tubes\juragansepatu-ecommerce-codeigniter4\app\Views\customers\reviews\reviews.php(27): CodeIgniter\Debug\Exceptions->errorHandler(8, 'Undefined varia...', 'D:\\Kuliah\\Prakt...', 27, Array)
#1 D:\Kuliah\Praktikum PIE\Tubes\juragansepatu-ecommerce-codeigniter4\system\View\View.php(210): include('D:\\Kuliah\\Prakt...')
#2 D:\Kuliah\Praktikum PIE\Tubes\juragansepatu-ecommerce-codeigniter4\system\View\View.php(213): CodeIgniter\View\View->CodeIgniter\View\{closure}()
#3 D:\Kuliah\Praktikum PIE\Tubes\juragansepatu-ecommerce-codeigniter4\system\Common.php(1089): CodeIgniter\View\View->render('customers/revie...', Array, true)
#4 D:\Kuliah\Praktikum PIE\Tubes\juragansepatu-ecommerce-codeigniter4\app\Controllers\Customer_Reviews.php(46): view('customers/revie...', Array)
#5 D:\Kuliah\Praktikum PIE\Tubes\juragansepatu-ecommerce-codeigniter4\system\CodeIgniter.php(832): App\Controllers\Customer_Reviews->write()
#6 D:\Kuliah\Praktikum PIE\Tubes\juragansepatu-ecommerce-codeigniter4\system\CodeIgniter.php(419): CodeIgniter\CodeIgniter->runController(Object(App\Controllers\Customer_Reviews))
#7 D:\Kuliah\Praktikum PIE\Tubes\juragansepatu-ecommerce-codeigniter4\system\CodeIgniter.php(326): CodeIgniter\CodeIgniter->handleRequest(NULL, Object(Config\Cache), false)
#8 D:\Kuliah\Praktikum PIE\Tubes\juragansepatu-ecommerce-codeigniter4\public\index.php(37): CodeIgniter\CodeIgniter->run()
#9 D:\Kuliah\Praktikum PIE\Tubes\juragansepatu-ecommerce-codeigniter4\system\Commands\Server\rewrite.php(43): require_once('D:\\Kuliah\\Prakt...')
#10 {main}
CRITICAL - 2022-06-12 05:04:48 --> Undefined variable: reviews
#0 D:\Kuliah\Praktikum PIE\Tubes\juragansepatu-ecommerce-codeigniter4\app\Views\customers\reviews\reviews.php(26): CodeIgniter\Debug\Exceptions->errorHandler(8, 'Undefined varia...', 'D:\\Kuliah\\Prakt...', 26, Array)
#1 D:\Kuliah\Praktikum PIE\Tubes\juragansepatu-ecommerce-codeigniter4\system\View\View.php(210): include('D:\\Kuliah\\Prakt...')
#2 D:\Kuliah\Praktikum PIE\Tubes\juragansepatu-ecommerce-codeigniter4\system\View\View.php(213): CodeIgniter\View\View->CodeIgniter\View\{closure}()
#3 D:\Kuliah\Praktikum PIE\Tubes\juragansepatu-ecommerce-codeigniter4\system\Common.php(1089): CodeIgniter\View\View->render('customers/revie...', Array, true)
#4 D:\Kuliah\Praktikum PIE\Tubes\juragansepatu-ecommerce-codeigniter4\app\Controllers\Customer_Reviews.php(46): view('customers/revie...', Array)
#5 D:\Kuliah\Praktikum PIE\Tubes\juragansepatu-ecommerce-codeigniter4\system\CodeIgniter.php(832): App\Controllers\Customer_Reviews->write()
#6 D:\Kuliah\Praktikum PIE\Tubes\juragansepatu-ecommerce-codeigniter4\system\CodeIgniter.php(419): CodeIgniter\CodeIgniter->runController(Object(App\Controllers\Customer_Reviews))
#7 D:\Kuliah\Praktikum PIE\Tubes\juragansepatu-ecommerce-codeigniter4\system\CodeIgniter.php(326): CodeIgniter\CodeIgniter->handleRequest(NULL, Object(Config\Cache), false)
#8 D:\Kuliah\Praktikum PIE\Tubes\juragansepatu-ecommerce-codeigniter4\public\index.php(37): CodeIgniter\CodeIgniter->run()
#9 D:\Kuliah\Praktikum PIE\Tubes\juragansepatu-ecommerce-codeigniter4\system\Commands\Server\rewrite.php(43): require_once('D:\\Kuliah\\Prakt...')
#10 {main}
CRITICAL - 2022-06-12 05:05:05 --> Call to undefined function App\Controllers\show_404()
#0 D:\Kuliah\Praktikum PIE\Tubes\juragansepatu-ecommerce-codeigniter4\system\CodeIgniter.php(832): App\Controllers\Customer_Reviews->view('1')
#1 D:\Kuliah\Praktikum PIE\Tubes\juragansepatu-ecommerce-codeigniter4\system\CodeIgniter.php(419): CodeIgniter\CodeIgniter->runController(Object(App\Controllers\Customer_Reviews))
#2 D:\Kuliah\Praktikum PIE\Tubes\juragansepatu-ecommerce-codeigniter4\system\CodeIgniter.php(326): CodeIgniter\CodeIgniter->handleRequest(NULL, Object(Config\Cache), false)
#3 D:\Kuliah\Praktikum PIE\Tubes\juragansepatu-ecommerce-codeigniter4\public\index.php(37): CodeIgniter\CodeIgniter->run()
#4 D:\Kuliah\Praktikum PIE\Tubes\juragansepatu-ecommerce-codeigniter4\system\Commands\Server\rewrite.php(43): require_once('D:\\Kuliah\\Prakt...')
#5 {main}
CRITICAL - 2022-06-12 13:26:01 --> Cannot use object of type stdClass as array
#0 D:\Kuliah\Praktikum PIE\Tubes _ Kelompok 5\juragansepatu-ecommerce-codeigniter4\system\View\View.php(210): include()
#1 D:\Kuliah\Praktikum PIE\Tubes _ Kelompok 5\juragansepatu-ecommerce-codeigniter4\system\View\View.php(213): CodeIgniter\View\View->CodeIgniter\View\{closure}()
#2 D:\Kuliah\Praktikum PIE\Tubes _ Kelompok 5\juragansepatu-ecommerce-codeigniter4\system\Common.php(1089): CodeIgniter\View\View->render('themes\\juragans...', Array, true)
#3 D:\Kuliah\Praktikum PIE\Tubes _ Kelompok 5\juragansepatu-ecommerce-codeigniter4\app\Controllers\Shop.php(35): view('themes\\juragans...', Array)
#4 D:\Kuliah\Praktikum PIE\Tubes _ Kelompok 5\juragansepatu-ecommerce-codeigniter4\system\CodeIgniter.php(832): App\Controllers\Shop->product('35', 'NZVS32474')
#5 D:\Kuliah\Praktikum PIE\Tubes _ Kelompok 5\juragansepatu-ecommerce-codeigniter4\system\CodeIgniter.php(419): CodeIgniter\CodeIgniter->runController(Object(App\Controllers\Shop))
#6 D:\Kuliah\Praktikum PIE\Tubes _ Kelompok 5\juragansepatu-ecommerce-codeigniter4\system\CodeIgniter.php(326): CodeIgniter\CodeIgniter->handleRequest(NULL, Object(Config\Cache), false)
#7 D:\Kuliah\Praktikum PIE\Tubes _ Kelompok 5\juragansepatu-ecommerce-codeigniter4\public\index.php(37): CodeIgniter\CodeIgniter->run()
#8 D:\Kuliah\Praktikum PIE\Tubes _ Kelompok 5\juragansepatu-ecommerce-codeigniter4\system\Commands\Server\rewrite.php(43): require_once('D:\\Kuliah\\Prakt...')
#9 {main}
CRITICAL - 2022-06-12 13:26:23 --> Cannot use object of type stdClass as array
#0 D:\Kuliah\Praktikum PIE\Tubes _ Kelompok 5\juragansepatu-ecommerce-codeigniter4\system\View\View.php(210): include()
#1 D:\Kuliah\Praktikum PIE\Tubes _ Kelompok 5\juragansepatu-ecommerce-codeigniter4\system\View\View.php(213): CodeIgniter\View\View->CodeIgniter\View\{closure}()
#2 D:\Kuliah\Praktikum PIE\Tubes _ Kelompok 5\juragansepatu-ecommerce-codeigniter4\system\Common.php(1089): CodeIgniter\View\View->render('themes\\juragans...', Array, true)
#3 D:\Kuliah\Praktikum PIE\Tubes _ Kelompok 5\juragansepatu-ecommerce-codeigniter4\app\Controllers\Shop.php(35): view('themes\\juragans...', Array)
#4 D:\Kuliah\Praktikum PIE\Tubes _ Kelompok 5\juragansepatu-ecommerce-codeigniter4\system\CodeIgniter.php(832): App\Controllers\Shop->product('35', 'NZVS32474')
#5 D:\Kuliah\Praktikum PIE\Tubes _ Kelompok 5\juragansepatu-ecommerce-codeigniter4\system\CodeIgniter.php(419): CodeIgniter\CodeIgniter->runController(Object(App\Controllers\Shop))
#6 D:\Kuliah\Praktikum PIE\Tubes _ Kelompok 5\juragansepatu-ecommerce-codeigniter4\system\CodeIgniter.php(326): CodeIgniter\CodeIgniter->handleRequest(NULL, Object(Config\Cache), false)
#7 D:\Kuliah\Praktikum PIE\Tubes _ Kelompok 5\juragansepatu-ecommerce-codeigniter4\public\index.php(37): CodeIgniter\CodeIgniter->run()
#8 D:\Kuliah\Praktikum PIE\Tubes _ Kelompok 5\juragansepatu-ecommerce-codeigniter4\system\Commands\Server\rewrite.php(43): require_once('D:\\Kuliah\\Prakt...')
#9 {main}
CRITICAL - 2022-06-12 13:26:52 --> Cannot use object of type stdClass as array
#0 D:\Kuliah\Praktikum PIE\Tubes _ Kelompok 5\juragansepatu-ecommerce-codeigniter4\system\View\View.php(210): include()
#1 D:\Kuliah\Praktikum PIE\Tubes _ Kelompok 5\juragansepatu-ecommerce-codeigniter4\system\View\View.php(213): CodeIgniter\View\View->CodeIgniter\View\{closure}()
#2 D:\Kuliah\Praktikum PIE\Tubes _ Kelompok 5\juragansepatu-ecommerce-codeigniter4\system\Common.php(1089): CodeIgniter\View\View->render('themes\\juragans...', Array, true)
#3 D:\Kuliah\Praktikum PIE\Tubes _ Kelompok 5\juragansepatu-ecommerce-codeigniter4\app\Controllers\Shop.php(35): view('themes\\juragans...', Array)
#4 D:\Kuliah\Praktikum PIE\Tubes _ Kelompok 5\juragansepatu-ecommerce-codeigniter4\system\CodeIgniter.php(832): App\Controllers\Shop->product('35', 'NZVS32474')
#5 D:\Kuliah\Praktikum PIE\Tubes _ Kelompok 5\juragansepatu-ecommerce-codeigniter4\system\CodeIgniter.php(419): CodeIgniter\CodeIgniter->runController(Object(App\Controllers\Shop))
#6 D:\Kuliah\Praktikum PIE\Tubes _ Kelompok 5\juragansepatu-ecommerce-codeigniter4\system\CodeIgniter.php(326): CodeIgniter\CodeIgniter->handleRequest(NULL, Object(Config\Cache), false)
#7 D:\Kuliah\Praktikum PIE\Tubes _ Kelompok 5\juragansepatu-ecommerce-codeigniter4\public\index.php(37): CodeIgniter\CodeIgniter->run()
#8 D:\Kuliah\Praktikum PIE\Tubes _ Kelompok 5\juragansepatu-ecommerce-codeigniter4\system\Commands\Server\rewrite.php(43): require_once('D:\\Kuliah\\Prakt...')
#9 {main}
