CRITICAL - 2022-06-05 01:24:02 --> Cannot use object of type stdClass as array
#0 C:\xampp\htdocs\tokoku\system\View\View.php(210): include()
#1 C:\xampp\htdocs\tokoku\system\View\View.php(213): CodeIgniter\View\View->CodeIgniter\View\{closure}()
#2 C:\xampp\htdocs\tokoku\system\Common.php(1089): CodeIgniter\View\View->render('themes\\vegefood...', Array, true)
#3 C:\xampp\htdocs\tokoku\app\Controllers\Product.php(34): view('themes\\vegefood...', Array)
#4 C:\xampp\htdocs\tokoku\system\CodeIgniter.php(832): App\Controllers\Product->index()
#5 C:\xampp\htdocs\tokoku\system\CodeIgniter.php(419): CodeIgniter\CodeIgniter->runController(Object(App\Controllers\Product))
#6 C:\xampp\htdocs\tokoku\system\CodeIgniter.php(326): CodeIgniter\CodeIgniter->handleRequest(NULL, Object(Config\Cache), false)
#7 C:\xampp\htdocs\tokoku\public\index.php(37): CodeIgniter\CodeIgniter->run()
#8 C:\xampp\htdocs\tokoku\system\Commands\Server\rewrite.php(43): require_once('C:\\xampp\\htdocs...')
#9 {main}
CRITICAL - 2022-06-05 01:50:28 --> Undefined property: App\Controllers\Product::$product
#0 C:\xampp\htdocs\tokoku\app\Controllers\Product.php(24): CodeIgniter\Debug\Exceptions->errorHandler(2, 'Undefined prope...', 'C:\\xampp\\htdocs...', 24)
#1 C:\xampp\htdocs\tokoku\system\CodeIgniter.php(832): App\Controllers\Product->index()
#2 C:\xampp\htdocs\tokoku\system\CodeIgniter.php(419): CodeIgniter\CodeIgniter->runController(Object(App\Controllers\Product))
#3 C:\xampp\htdocs\tokoku\system\CodeIgniter.php(326): CodeIgniter\CodeIgniter->handleRequest(NULL, Object(Config\Cache), false)
#4 C:\xampp\htdocs\tokoku\public\index.php(37): CodeIgniter\CodeIgniter->run()
#5 C:\xampp\htdocs\tokoku\system\Commands\Server\rewrite.php(43): require_once('C:\\xampp\\htdocs...')
#6 {main}
CRITICAL - 2022-06-05 09:29:20 --> Undefined variable $status
#0 C:\xampp\htdocs\tokoku\app\Controllers\Admin_Payments.php(78): CodeIgniter\Debug\Exceptions->errorHandler(2, 'Undefined varia...', 'C:\\xampp\\htdocs...', 78)
#1 C:\xampp\htdocs\tokoku\system\CodeIgniter.php(832): App\Controllers\Admin_Payments->verify()
#2 C:\xampp\htdocs\tokoku\system\CodeIgniter.php(419): CodeIgniter\CodeIgniter->runController(Object(App\Controllers\Admin_Payments))
#3 C:\xampp\htdocs\tokoku\system\CodeIgniter.php(326): CodeIgniter\CodeIgniter->handleRequest(NULL, Object(Config\Cache), false)
#4 C:\xampp\htdocs\tokoku\public\index.php(37): CodeIgniter\CodeIgniter->run()
#5 C:\xampp\htdocs\tokoku\system\Commands\Server\rewrite.php(43): require_once('C:\\xampp\\htdocs...')
#6 {main}
ERROR - 2022-06-05 19:22:39 --> Error connecting to the database: No connection could be made because the target machine actively refused it.

CRITICAL - 2022-06-05 19:22:39 --> Unable to connect to the database.
Main connection [MySQLi]: No connection could be made because the target machine actively refused it.

#0 C:\xampp\htdocs\tokosayur-ecommerce-codeigniter4\system\Database\BaseConnection.php(577): CodeIgniter\Database\BaseConnection->initialize()
#1 C:\xampp\htdocs\tokosayur-ecommerce-codeigniter4\system\Database\BaseBuilder.php(1455): CodeIgniter\Database\BaseConnection->query('SELECT *\nFROM `...', Array, false)
#2 C:\xampp\htdocs\tokosayur-ecommerce-codeigniter4\system\Model.php(210): CodeIgniter\Database\BaseBuilder->get()
#3 C:\xampp\htdocs\tokosayur-ecommerce-codeigniter4\system\BaseModel.php(622): CodeIgniter\Model->doFirst()
#4 C:\xampp\htdocs\tokosayur-ecommerce-codeigniter4\app\Controllers\Home.php(21): CodeIgniter\BaseModel->first()
#5 C:\xampp\htdocs\tokosayur-ecommerce-codeigniter4\system\CodeIgniter.php(832): App\Controllers\Home->index()
#6 C:\xampp\htdocs\tokosayur-ecommerce-codeigniter4\system\CodeIgniter.php(419): CodeIgniter\CodeIgniter->runController(Object(App\Controllers\Home))
#7 C:\xampp\htdocs\tokosayur-ecommerce-codeigniter4\system\CodeIgniter.php(326): CodeIgniter\CodeIgniter->handleRequest(NULL, Object(Config\Cache), false)
#8 C:\xampp\htdocs\tokosayur-ecommerce-codeigniter4\public\index.php(37): CodeIgniter\CodeIgniter->run()
#9 C:\xampp\htdocs\tokosayur-ecommerce-codeigniter4\system\Commands\Server\rewrite.php(43): require_once('C:\\xampp\\htdocs...')
#10 {main}
ERROR - 2022-06-05 19:23:06 --> Error connecting to the database: No connection could be made because the target machine actively refused it.

CRITICAL - 2022-06-05 19:23:06 --> Unable to connect to the database.
Main connection [MySQLi]: No connection could be made because the target machine actively refused it.

#0 C:\xampp\htdocs\tokosayur-ecommerce-codeigniter4\system\Database\BaseConnection.php(577): CodeIgniter\Database\BaseConnection->initialize()
#1 C:\xampp\htdocs\tokosayur-ecommerce-codeigniter4\system\Database\BaseBuilder.php(1455): CodeIgniter\Database\BaseConnection->query('SELECT *\nFROM `...', Array, false)
#2 C:\xampp\htdocs\tokosayur-ecommerce-codeigniter4\system\Model.php(210): CodeIgniter\Database\BaseBuilder->get()
#3 C:\xampp\htdocs\tokosayur-ecommerce-codeigniter4\system\BaseModel.php(622): CodeIgniter\Model->doFirst()
#4 C:\xampp\htdocs\tokosayur-ecommerce-codeigniter4\app\Controllers\Home.php(21): CodeIgniter\BaseModel->first()
#5 C:\xampp\htdocs\tokosayur-ecommerce-codeigniter4\system\CodeIgniter.php(832): App\Controllers\Home->index()
#6 C:\xampp\htdocs\tokosayur-ecommerce-codeigniter4\system\CodeIgniter.php(419): CodeIgniter\CodeIgniter->runController(Object(App\Controllers\Home))
#7 C:\xampp\htdocs\tokosayur-ecommerce-codeigniter4\system\CodeIgniter.php(326): CodeIgniter\CodeIgniter->handleRequest(NULL, Object(Config\Cache), false)
#8 C:\xampp\htdocs\tokosayur-ecommerce-codeigniter4\public\index.php(37): CodeIgniter\CodeIgniter->run()
#9 C:\xampp\htdocs\tokosayur-ecommerce-codeigniter4\system\Commands\Server\rewrite.php(43): require_once('C:\\xampp\\htdocs...')
#10 {main}
CRITICAL - 2022-06-05 19:34:45 --> Trying to access array offset on value of type null
#0 D:\Kuliah\Praktikum PIE\Tubes\juragansepatu-ecommerce-codeigniter4\app\Views\themes\juraganshoes\home.php(161): CodeIgniter\Debug\Exceptions->errorHandler(8, 'Trying to acces...', 'D:\\Kuliah\\Prakt...', 161, Array)
#1 D:\Kuliah\Praktikum PIE\Tubes\juragansepatu-ecommerce-codeigniter4\system\View\View.php(210): include('D:\\Kuliah\\Prakt...')
#2 D:\Kuliah\Praktikum PIE\Tubes\juragansepatu-ecommerce-codeigniter4\system\View\View.php(213): CodeIgniter\View\View->CodeIgniter\View\{closure}()
#3 D:\Kuliah\Praktikum PIE\Tubes\juragansepatu-ecommerce-codeigniter4\system\Common.php(1089): CodeIgniter\View\View->render('themes\\vegefood...', Array, true)
#4 D:\Kuliah\Praktikum PIE\Tubes\juragansepatu-ecommerce-codeigniter4\app\Controllers\Home.php(34): view('themes\\vegefood...', Array)
#5 D:\Kuliah\Praktikum PIE\Tubes\juragansepatu-ecommerce-codeigniter4\system\CodeIgniter.php(832): App\Controllers\Home->index()
#6 D:\Kuliah\Praktikum PIE\Tubes\juragansepatu-ecommerce-codeigniter4\system\CodeIgniter.php(419): CodeIgniter\CodeIgniter->runController(Object(App\Controllers\Home))
#7 D:\Kuliah\Praktikum PIE\Tubes\juragansepatu-ecommerce-codeigniter4\system\CodeIgniter.php(326): CodeIgniter\CodeIgniter->handleRequest(NULL, Object(Config\Cache), false)
#8 D:\Kuliah\Praktikum PIE\Tubes\juragansepatu-ecommerce-codeigniter4\public\index.php(37): CodeIgniter\CodeIgniter->run()
#9 D:\Kuliah\Praktikum PIE\Tubes\juragansepatu-ecommerce-codeigniter4\system\Commands\Server\rewrite.php(43): require_once('D:\\Kuliah\\Prakt...')
#10 {main}
CRITICAL - 2022-06-05 19:35:39 --> Trying to access array offset on value of type null
#0 D:\Kuliah\Praktikum PIE\Tubes\juragansepatu-ecommerce-codeigniter4\app\Views\themes\juraganshoes\home.php(161): CodeIgniter\Debug\Exceptions->errorHandler(8, 'Trying to acces...', 'D:\\Kuliah\\Prakt...', 161, Array)
#1 D:\Kuliah\Praktikum PIE\Tubes\juragansepatu-ecommerce-codeigniter4\system\View\View.php(210): include('D:\\Kuliah\\Prakt...')
#2 D:\Kuliah\Praktikum PIE\Tubes\juragansepatu-ecommerce-codeigniter4\system\View\View.php(213): CodeIgniter\View\View->CodeIgniter\View\{closure}()
#3 D:\Kuliah\Praktikum PIE\Tubes\juragansepatu-ecommerce-codeigniter4\system\Common.php(1089): CodeIgniter\View\View->render('themes\\vegefood...', Array, true)
#4 D:\Kuliah\Praktikum PIE\Tubes\juragansepatu-ecommerce-codeigniter4\app\Controllers\Home.php(34): view('themes\\vegefood...', Array)
#5 D:\Kuliah\Praktikum PIE\Tubes\juragansepatu-ecommerce-codeigniter4\system\CodeIgniter.php(832): App\Controllers\Home->index()
#6 D:\Kuliah\Praktikum PIE\Tubes\juragansepatu-ecommerce-codeigniter4\system\CodeIgniter.php(419): CodeIgniter\CodeIgniter->runController(Object(App\Controllers\Home))
#7 D:\Kuliah\Praktikum PIE\Tubes\juragansepatu-ecommerce-codeigniter4\system\CodeIgniter.php(326): CodeIgniter\CodeIgniter->handleRequest(NULL, Object(Config\Cache), false)
#8 D:\Kuliah\Praktikum PIE\Tubes\juragansepatu-ecommerce-codeigniter4\public\index.php(37): CodeIgniter\CodeIgniter->run()
#9 D:\Kuliah\Praktikum PIE\Tubes\juragansepatu-ecommerce-codeigniter4\system\Commands\Server\rewrite.php(43): require_once('D:\\Kuliah\\Prakt...')
#10 {main}
CRITICAL - 2022-06-05 19:35:40 --> Trying to access array offset on value of type null
#0 D:\Kuliah\Praktikum PIE\Tubes\juragansepatu-ecommerce-codeigniter4\app\Views\themes\juraganshoes\home.php(161): CodeIgniter\Debug\Exceptions->errorHandler(8, 'Trying to acces...', 'D:\\Kuliah\\Prakt...', 161, Array)
#1 D:\Kuliah\Praktikum PIE\Tubes\juragansepatu-ecommerce-codeigniter4\system\View\View.php(210): include('D:\\Kuliah\\Prakt...')
#2 D:\Kuliah\Praktikum PIE\Tubes\juragansepatu-ecommerce-codeigniter4\system\View\View.php(213): CodeIgniter\View\View->CodeIgniter\View\{closure}()
#3 D:\Kuliah\Praktikum PIE\Tubes\juragansepatu-ecommerce-codeigniter4\system\Common.php(1089): CodeIgniter\View\View->render('themes\\vegefood...', Array, true)
#4 D:\Kuliah\Praktikum PIE\Tubes\juragansepatu-ecommerce-codeigniter4\app\Controllers\Home.php(34): view('themes\\vegefood...', Array)
#5 D:\Kuliah\Praktikum PIE\Tubes\juragansepatu-ecommerce-codeigniter4\system\CodeIgniter.php(832): App\Controllers\Home->index()
#6 D:\Kuliah\Praktikum PIE\Tubes\juragansepatu-ecommerce-codeigniter4\system\CodeIgniter.php(419): CodeIgniter\CodeIgniter->runController(Object(App\Controllers\Home))
#7 D:\Kuliah\Praktikum PIE\Tubes\juragansepatu-ecommerce-codeigniter4\system\CodeIgniter.php(326): CodeIgniter\CodeIgniter->handleRequest(NULL, Object(Config\Cache), false)
#8 D:\Kuliah\Praktikum PIE\Tubes\juragansepatu-ecommerce-codeigniter4\public\index.php(37): CodeIgniter\CodeIgniter->run()
#9 D:\Kuliah\Praktikum PIE\Tubes\juragansepatu-ecommerce-codeigniter4\system\Commands\Server\rewrite.php(43): require_once('D:\\Kuliah\\Prakt...')
#10 {main}
CRITICAL - 2022-06-05 19:37:21 --> Trying to access array offset on value of type null
#0 D:\Kuliah\Praktikum PIE\Tubes\juragansepatu-ecommerce-codeigniter4\app\Views\themes\juraganshoes\home.php(161): CodeIgniter\Debug\Exceptions->errorHandler(8, 'Trying to acces...', 'D:\\Kuliah\\Prakt...', 161, Array)
#1 D:\Kuliah\Praktikum PIE\Tubes\juragansepatu-ecommerce-codeigniter4\system\View\View.php(210): include('D:\\Kuliah\\Prakt...')
#2 D:\Kuliah\Praktikum PIE\Tubes\juragansepatu-ecommerce-codeigniter4\system\View\View.php(213): CodeIgniter\View\View->CodeIgniter\View\{closure}()
#3 D:\Kuliah\Praktikum PIE\Tubes\juragansepatu-ecommerce-codeigniter4\system\Common.php(1089): CodeIgniter\View\View->render('themes\\vegefood...', Array, true)
#4 D:\Kuliah\Praktikum PIE\Tubes\juragansepatu-ecommerce-codeigniter4\app\Controllers\Home.php(34): view('themes\\vegefood...', Array)
#5 D:\Kuliah\Praktikum PIE\Tubes\juragansepatu-ecommerce-codeigniter4\system\CodeIgniter.php(832): App\Controllers\Home->index()
#6 D:\Kuliah\Praktikum PIE\Tubes\juragansepatu-ecommerce-codeigniter4\system\CodeIgniter.php(419): CodeIgniter\CodeIgniter->runController(Object(App\Controllers\Home))
#7 D:\Kuliah\Praktikum PIE\Tubes\juragansepatu-ecommerce-codeigniter4\system\CodeIgniter.php(326): CodeIgniter\CodeIgniter->handleRequest(NULL, Object(Config\Cache), false)
#8 D:\Kuliah\Praktikum PIE\Tubes\juragansepatu-ecommerce-codeigniter4\public\index.php(37): CodeIgniter\CodeIgniter->run()
#9 D:\Kuliah\Praktikum PIE\Tubes\juragansepatu-ecommerce-codeigniter4\system\Commands\Server\rewrite.php(43): require_once('D:\\Kuliah\\Prakt...')
#10 {main}
CRITICAL - 2022-06-05 19:37:24 --> Trying to access array offset on value of type null
#0 D:\Kuliah\Praktikum PIE\Tubes\juragansepatu-ecommerce-codeigniter4\app\Views\themes\juraganshoes\home.php(161): CodeIgniter\Debug\Exceptions->errorHandler(8, 'Trying to acces...', 'D:\\Kuliah\\Prakt...', 161, Array)
#1 D:\Kuliah\Praktikum PIE\Tubes\juragansepatu-ecommerce-codeigniter4\system\View\View.php(210): include('D:\\Kuliah\\Prakt...')
#2 D:\Kuliah\Praktikum PIE\Tubes\juragansepatu-ecommerce-codeigniter4\system\View\View.php(213): CodeIgniter\View\View->CodeIgniter\View\{closure}()
#3 D:\Kuliah\Praktikum PIE\Tubes\juragansepatu-ecommerce-codeigniter4\system\Common.php(1089): CodeIgniter\View\View->render('themes\\vegefood...', Array, true)
#4 D:\Kuliah\Praktikum PIE\Tubes\juragansepatu-ecommerce-codeigniter4\app\Controllers\Home.php(34): view('themes\\vegefood...', Array)
#5 D:\Kuliah\Praktikum PIE\Tubes\juragansepatu-ecommerce-codeigniter4\system\CodeIgniter.php(832): App\Controllers\Home->index()
#6 D:\Kuliah\Praktikum PIE\Tubes\juragansepatu-ecommerce-codeigniter4\system\CodeIgniter.php(419): CodeIgniter\CodeIgniter->runController(Object(App\Controllers\Home))
#7 D:\Kuliah\Praktikum PIE\Tubes\juragansepatu-ecommerce-codeigniter4\system\CodeIgniter.php(326): CodeIgniter\CodeIgniter->handleRequest(NULL, Object(Config\Cache), false)
#8 D:\Kuliah\Praktikum PIE\Tubes\juragansepatu-ecommerce-codeigniter4\public\index.php(37): CodeIgniter\CodeIgniter->run()
#9 D:\Kuliah\Praktikum PIE\Tubes\juragansepatu-ecommerce-codeigniter4\system\Commands\Server\rewrite.php(43): require_once('D:\\Kuliah\\Prakt...')
#10 {main}
CRITICAL - 2022-06-05 19:37:35 --> Trying to access array offset on value of type null
#0 D:\Kuliah\Praktikum PIE\Tubes\juragansepatu-ecommerce-codeigniter4\app\Views\themes\juraganshoes\home.php(161): CodeIgniter\Debug\Exceptions->errorHandler(8, 'Trying to acces...', 'D:\\Kuliah\\Prakt...', 161, Array)
#1 D:\Kuliah\Praktikum PIE\Tubes\juragansepatu-ecommerce-codeigniter4\system\View\View.php(210): include('D:\\Kuliah\\Prakt...')
#2 D:\Kuliah\Praktikum PIE\Tubes\juragansepatu-ecommerce-codeigniter4\system\View\View.php(213): CodeIgniter\View\View->CodeIgniter\View\{closure}()
#3 D:\Kuliah\Praktikum PIE\Tubes\juragansepatu-ecommerce-codeigniter4\system\Common.php(1089): CodeIgniter\View\View->render('themes\\vegefood...', Array, true)
#4 D:\Kuliah\Praktikum PIE\Tubes\juragansepatu-ecommerce-codeigniter4\app\Controllers\Home.php(34): view('themes\\vegefood...', Array)
#5 D:\Kuliah\Praktikum PIE\Tubes\juragansepatu-ecommerce-codeigniter4\system\CodeIgniter.php(832): App\Controllers\Home->index()
#6 D:\Kuliah\Praktikum PIE\Tubes\juragansepatu-ecommerce-codeigniter4\system\CodeIgniter.php(419): CodeIgniter\CodeIgniter->runController(Object(App\Controllers\Home))
#7 D:\Kuliah\Praktikum PIE\Tubes\juragansepatu-ecommerce-codeigniter4\system\CodeIgniter.php(326): CodeIgniter\CodeIgniter->handleRequest(NULL, Object(Config\Cache), false)
#8 D:\Kuliah\Praktikum PIE\Tubes\juragansepatu-ecommerce-codeigniter4\public\index.php(37): CodeIgniter\CodeIgniter->run()
#9 D:\Kuliah\Praktikum PIE\Tubes\juragansepatu-ecommerce-codeigniter4\system\Commands\Server\rewrite.php(43): require_once('D:\\Kuliah\\Prakt...')
#10 {main}
CRITICAL - 2022-06-05 19:38:29 --> Undefined variable: product
#0 D:\Kuliah\Praktikum PIE\Tubes\juragansepatu-ecommerce-codeigniter4\app\Views\themes\juraganshoes\home.php(164): CodeIgniter\Debug\Exceptions->errorHandler(8, 'Undefined varia...', 'D:\\Kuliah\\Prakt...', 164, Array)
#1 D:\Kuliah\Praktikum PIE\Tubes\juragansepatu-ecommerce-codeigniter4\system\View\View.php(210): include('D:\\Kuliah\\Prakt...')
#2 D:\Kuliah\Praktikum PIE\Tubes\juragansepatu-ecommerce-codeigniter4\system\View\View.php(213): CodeIgniter\View\View->CodeIgniter\View\{closure}()
#3 D:\Kuliah\Praktikum PIE\Tubes\juragansepatu-ecommerce-codeigniter4\system\Common.php(1089): CodeIgniter\View\View->render('themes\\vegefood...', Array, true)
#4 D:\Kuliah\Praktikum PIE\Tubes\juragansepatu-ecommerce-codeigniter4\app\Controllers\Home.php(34): view('themes\\vegefood...', Array)
#5 D:\Kuliah\Praktikum PIE\Tubes\juragansepatu-ecommerce-codeigniter4\system\CodeIgniter.php(832): App\Controllers\Home->index()
#6 D:\Kuliah\Praktikum PIE\Tubes\juragansepatu-ecommerce-codeigniter4\system\CodeIgniter.php(419): CodeIgniter\CodeIgniter->runController(Object(App\Controllers\Home))
#7 D:\Kuliah\Praktikum PIE\Tubes\juragansepatu-ecommerce-codeigniter4\system\CodeIgniter.php(326): CodeIgniter\CodeIgniter->handleRequest(NULL, Object(Config\Cache), false)
#8 D:\Kuliah\Praktikum PIE\Tubes\juragansepatu-ecommerce-codeigniter4\public\index.php(37): CodeIgniter\CodeIgniter->run()
#9 D:\Kuliah\Praktikum PIE\Tubes\juragansepatu-ecommerce-codeigniter4\system\Commands\Server\rewrite.php(43): require_once('D:\\Kuliah\\Prakt...')
#10 {main}
