CRITICAL - 2022-06-06 01:37:23 --> Trying to get property 'profile_picture' of non-object
#0 D:\Kuliah\Praktikum PIE\Tubes\juragansepatu-ecommerce-codeigniter4\app\Helpers\global_helper.php(97): CodeIgniter\Debug\Exceptions->errorHandler(8, 'Trying to get p...', 'D:\\Kuliah\\Prakt...', 97, Array)
#1 D:\Kuliah\Praktikum PIE\Tubes\juragansepatu-ecommerce-codeigniter4\app\Views\admin\header.php(162): get_admin_image()
#2 D:\Kuliah\Praktikum PIE\Tubes\juragansepatu-ecommerce-codeigniter4\system\View\View.php(210): include('D:\\Kuliah\\Prakt...')
#3 D:\Kuliah\Praktikum PIE\Tubes\juragansepatu-ecommerce-codeigniter4\system\View\View.php(213): CodeIgniter\View\View->CodeIgniter\View\{closure}()
#4 D:\Kuliah\Praktikum PIE\Tubes\juragansepatu-ecommerce-codeigniter4\system\View\View.php(226): CodeIgniter\View\View->render('admin\\header', Array, true)
#5 D:\Kuliah\Praktikum PIE\Tubes\juragansepatu-ecommerce-codeigniter4\system\Common.php(1089): CodeIgniter\View\View->render('admin\\overview', Array, true)
#6 D:\Kuliah\Praktikum PIE\Tubes\juragansepatu-ecommerce-codeigniter4\app\Controllers\Admin.php(38): view('admin\\overview', Array)
#7 D:\Kuliah\Praktikum PIE\Tubes\juragansepatu-ecommerce-codeigniter4\system\CodeIgniter.php(832): App\Controllers\Admin->index()
#8 D:\Kuliah\Praktikum PIE\Tubes\juragansepatu-ecommerce-codeigniter4\system\CodeIgniter.php(419): CodeIgniter\CodeIgniter->runController(Object(App\Controllers\Admin))
#9 D:\Kuliah\Praktikum PIE\Tubes\juragansepatu-ecommerce-codeigniter4\system\CodeIgniter.php(326): CodeIgniter\CodeIgniter->handleRequest(NULL, Object(Config\Cache), false)
#10 D:\Kuliah\Praktikum PIE\Tubes\juragansepatu-ecommerce-codeigniter4\public\index.php(37): CodeIgniter\CodeIgniter->run()
#11 D:\Kuliah\Praktikum PIE\Tubes\juragansepatu-ecommerce-codeigniter4\system\Commands\Server\rewrite.php(43): require_once('D:\\Kuliah\\Prakt...')
#12 {main}
CRITICAL - 2022-06-06 01:37:30 --> Trying to get property 'profile_picture' of non-object
#0 D:\Kuliah\Praktikum PIE\Tubes\juragansepatu-ecommerce-codeigniter4\app\Helpers\global_helper.php(97): CodeIgniter\Debug\Exceptions->errorHandler(8, 'Trying to get p...', 'D:\\Kuliah\\Prakt...', 97, Array)
#1 D:\Kuliah\Praktikum PIE\Tubes\juragansepatu-ecommerce-codeigniter4\app\Views\admin\header.php(162): get_admin_image()
#2 D:\Kuliah\Praktikum PIE\Tubes\juragansepatu-ecommerce-codeigniter4\system\View\View.php(210): include('D:\\Kuliah\\Prakt...')
#3 D:\Kuliah\Praktikum PIE\Tubes\juragansepatu-ecommerce-codeigniter4\system\View\View.php(213): CodeIgniter\View\View->CodeIgniter\View\{closure}()
#4 D:\Kuliah\Praktikum PIE\Tubes\juragansepatu-ecommerce-codeigniter4\system\View\View.php(226): CodeIgniter\View\View->render('admin\\header', Array, true)
#5 D:\Kuliah\Praktikum PIE\Tubes\juragansepatu-ecommerce-codeigniter4\system\Common.php(1089): CodeIgniter\View\View->render('admin/contacts/...', Array, true)
#6 D:\Kuliah\Praktikum PIE\Tubes\juragansepatu-ecommerce-codeigniter4\app\Controllers\Admin_Contacts.php(22): view('admin/contacts/...', Array)
#7 D:\Kuliah\Praktikum PIE\Tubes\juragansepatu-ecommerce-codeigniter4\system\CodeIgniter.php(832): App\Controllers\Admin_Contacts->index()
#8 D:\Kuliah\Praktikum PIE\Tubes\juragansepatu-ecommerce-codeigniter4\system\CodeIgniter.php(419): CodeIgniter\CodeIgniter->runController(Object(App\Controllers\Admin_Contacts))
#9 D:\Kuliah\Praktikum PIE\Tubes\juragansepatu-ecommerce-codeigniter4\system\CodeIgniter.php(326): CodeIgniter\CodeIgniter->handleRequest(NULL, Object(Config\Cache), false)
#10 D:\Kuliah\Praktikum PIE\Tubes\juragansepatu-ecommerce-codeigniter4\public\index.php(37): CodeIgniter\CodeIgniter->run()
#11 D:\Kuliah\Praktikum PIE\Tubes\juragansepatu-ecommerce-codeigniter4\system\Commands\Server\rewrite.php(43): require_once('D:\\Kuliah\\Prakt...')
#12 {main}
CRITICAL - 2022-06-06 01:37:32 --> Trying to get property 'profile_picture' of non-object
#0 D:\Kuliah\Praktikum PIE\Tubes\juragansepatu-ecommerce-codeigniter4\app\Helpers\global_helper.php(97): CodeIgniter\Debug\Exceptions->errorHandler(8, 'Trying to get p...', 'D:\\Kuliah\\Prakt...', 97, Array)
#1 D:\Kuliah\Praktikum PIE\Tubes\juragansepatu-ecommerce-codeigniter4\app\Views\admin\header.php(162): get_admin_image()
#2 D:\Kuliah\Praktikum PIE\Tubes\juragansepatu-ecommerce-codeigniter4\system\View\View.php(210): include('D:\\Kuliah\\Prakt...')
#3 D:\Kuliah\Praktikum PIE\Tubes\juragansepatu-ecommerce-codeigniter4\system\View\View.php(213): CodeIgniter\View\View->CodeIgniter\View\{closure}()
#4 D:\Kuliah\Praktikum PIE\Tubes\juragansepatu-ecommerce-codeigniter4\system\View\View.php(226): CodeIgniter\View\View->render('admin\\header', Array, true)
#5 D:\Kuliah\Praktikum PIE\Tubes\juragansepatu-ecommerce-codeigniter4\system\Common.php(1089): CodeIgniter\View\View->render('admin/products/...', Array, true)
#6 D:\Kuliah\Praktikum PIE\Tubes\juragansepatu-ecommerce-codeigniter4\app\Controllers\Admin_Products.php(319): view('admin/products/...', Array)
#7 D:\Kuliah\Praktikum PIE\Tubes\juragansepatu-ecommerce-codeigniter4\system\CodeIgniter.php(832): App\Controllers\Admin_Products->view('21')
#8 D:\Kuliah\Praktikum PIE\Tubes\juragansepatu-ecommerce-codeigniter4\system\CodeIgniter.php(419): CodeIgniter\CodeIgniter->runController(Object(App\Controllers\Admin_Products))
#9 D:\Kuliah\Praktikum PIE\Tubes\juragansepatu-ecommerce-codeigniter4\system\CodeIgniter.php(326): CodeIgniter\CodeIgniter->handleRequest(NULL, Object(Config\Cache), false)
#10 D:\Kuliah\Praktikum PIE\Tubes\juragansepatu-ecommerce-codeigniter4\public\index.php(37): CodeIgniter\CodeIgniter->run()
#11 D:\Kuliah\Praktikum PIE\Tubes\juragansepatu-ecommerce-codeigniter4\system\Commands\Server\rewrite.php(43): require_once('D:\\Kuliah\\Prakt...')
#12 {main}
CRITICAL - 2022-06-06 01:37:34 --> Trying to get property 'profile_picture' of non-object
#0 D:\Kuliah\Praktikum PIE\Tubes\juragansepatu-ecommerce-codeigniter4\app\Helpers\global_helper.php(97): CodeIgniter\Debug\Exceptions->errorHandler(8, 'Trying to get p...', 'D:\\Kuliah\\Prakt...', 97, Array)
#1 D:\Kuliah\Praktikum PIE\Tubes\juragansepatu-ecommerce-codeigniter4\app\Views\admin\header.php(162): get_admin_image()
#2 D:\Kuliah\Praktikum PIE\Tubes\juragansepatu-ecommerce-codeigniter4\system\View\View.php(210): include('D:\\Kuliah\\Prakt...')
#3 D:\Kuliah\Praktikum PIE\Tubes\juragansepatu-ecommerce-codeigniter4\system\View\View.php(213): CodeIgniter\View\View->CodeIgniter\View\{closure}()
#4 D:\Kuliah\Praktikum PIE\Tubes\juragansepatu-ecommerce-codeigniter4\system\View\View.php(226): CodeIgniter\View\View->render('admin\\header', Array, true)
#5 D:\Kuliah\Praktikum PIE\Tubes\juragansepatu-ecommerce-codeigniter4\system\Common.php(1089): CodeIgniter\View\View->render('admin/products/...', Array, true)
#6 D:\Kuliah\Praktikum PIE\Tubes\juragansepatu-ecommerce-codeigniter4\app\Controllers\Admin_Products.php(165): view('admin/products/...', Array)
#7 D:\Kuliah\Praktikum PIE\Tubes\juragansepatu-ecommerce-codeigniter4\system\CodeIgniter.php(832): App\Controllers\Admin_Products->edit('21')
#8 D:\Kuliah\Praktikum PIE\Tubes\juragansepatu-ecommerce-codeigniter4\system\CodeIgniter.php(419): CodeIgniter\CodeIgniter->runController(Object(App\Controllers\Admin_Products))
#9 D:\Kuliah\Praktikum PIE\Tubes\juragansepatu-ecommerce-codeigniter4\system\CodeIgniter.php(326): CodeIgniter\CodeIgniter->handleRequest(NULL, Object(Config\Cache), false)
#10 D:\Kuliah\Praktikum PIE\Tubes\juragansepatu-ecommerce-codeigniter4\public\index.php(37): CodeIgniter\CodeIgniter->run()
#11 D:\Kuliah\Praktikum PIE\Tubes\juragansepatu-ecommerce-codeigniter4\system\Commands\Server\rewrite.php(43): require_once('D:\\Kuliah\\Prakt...')
#12 {main}
CRITICAL - 2022-06-06 01:37:35 --> Trying to get property 'profile_picture' of non-object
#0 D:\Kuliah\Praktikum PIE\Tubes\juragansepatu-ecommerce-codeigniter4\app\Helpers\global_helper.php(97): CodeIgniter\Debug\Exceptions->errorHandler(8, 'Trying to get p...', 'D:\\Kuliah\\Prakt...', 97, Array)
#1 D:\Kuliah\Praktikum PIE\Tubes\juragansepatu-ecommerce-codeigniter4\app\Views\admin\header.php(162): get_admin_image()
#2 D:\Kuliah\Praktikum PIE\Tubes\juragansepatu-ecommerce-codeigniter4\system\View\View.php(210): include('D:\\Kuliah\\Prakt...')
#3 D:\Kuliah\Praktikum PIE\Tubes\juragansepatu-ecommerce-codeigniter4\system\View\View.php(213): CodeIgniter\View\View->CodeIgniter\View\{closure}()
#4 D:\Kuliah\Praktikum PIE\Tubes\juragansepatu-ecommerce-codeigniter4\system\View\View.php(226): CodeIgniter\View\View->render('admin\\header', Array, true)
#5 D:\Kuliah\Praktikum PIE\Tubes\juragansepatu-ecommerce-codeigniter4\system\Common.php(1089): CodeIgniter\View\View->render('admin/products/...', Array, true)
#6 D:\Kuliah\Praktikum PIE\Tubes\juragansepatu-ecommerce-codeigniter4\app\Controllers\Admin_Products.php(319): view('admin/products/...', Array)
#7 D:\Kuliah\Praktikum PIE\Tubes\juragansepatu-ecommerce-codeigniter4\system\CodeIgniter.php(832): App\Controllers\Admin_Products->view('21')
#8 D:\Kuliah\Praktikum PIE\Tubes\juragansepatu-ecommerce-codeigniter4\system\CodeIgniter.php(419): CodeIgniter\CodeIgniter->runController(Object(App\Controllers\Admin_Products))
#9 D:\Kuliah\Praktikum PIE\Tubes\juragansepatu-ecommerce-codeigniter4\system\CodeIgniter.php(326): CodeIgniter\CodeIgniter->handleRequest(NULL, Object(Config\Cache), false)
#10 D:\Kuliah\Praktikum PIE\Tubes\juragansepatu-ecommerce-codeigniter4\public\index.php(37): CodeIgniter\CodeIgniter->run()
#11 D:\Kuliah\Praktikum PIE\Tubes\juragansepatu-ecommerce-codeigniter4\system\Commands\Server\rewrite.php(43): require_once('D:\\Kuliah\\Prakt...')
#12 {main}
CRITICAL - 2022-06-06 01:37:51 --> Trying to get property 'profile_picture' of non-object
#0 D:\Kuliah\Praktikum PIE\Tubes\juragansepatu-ecommerce-codeigniter4\app\Helpers\global_helper.php(97): CodeIgniter\Debug\Exceptions->errorHandler(8, 'Trying to get p...', 'D:\\Kuliah\\Prakt...', 97, Array)
#1 D:\Kuliah\Praktikum PIE\Tubes\juragansepatu-ecommerce-codeigniter4\app\Views\admin\header.php(162): get_admin_image()
#2 D:\Kuliah\Praktikum PIE\Tubes\juragansepatu-ecommerce-codeigniter4\system\View\View.php(210): include('D:\\Kuliah\\Prakt...')
#3 D:\Kuliah\Praktikum PIE\Tubes\juragansepatu-ecommerce-codeigniter4\system\View\View.php(213): CodeIgniter\View\View->CodeIgniter\View\{closure}()
#4 D:\Kuliah\Praktikum PIE\Tubes\juragansepatu-ecommerce-codeigniter4\system\View\View.php(226): CodeIgniter\View\View->render('admin\\header', Array, true)
#5 D:\Kuliah\Praktikum PIE\Tubes\juragansepatu-ecommerce-codeigniter4\system\Common.php(1089): CodeIgniter\View\View->render('admin\\overview', Array, true)
#6 D:\Kuliah\Praktikum PIE\Tubes\juragansepatu-ecommerce-codeigniter4\app\Controllers\Admin.php(38): view('admin\\overview', Array)
#7 D:\Kuliah\Praktikum PIE\Tubes\juragansepatu-ecommerce-codeigniter4\system\CodeIgniter.php(832): App\Controllers\Admin->index()
#8 D:\Kuliah\Praktikum PIE\Tubes\juragansepatu-ecommerce-codeigniter4\system\CodeIgniter.php(419): CodeIgniter\CodeIgniter->runController(Object(App\Controllers\Admin))
#9 D:\Kuliah\Praktikum PIE\Tubes\juragansepatu-ecommerce-codeigniter4\system\CodeIgniter.php(326): CodeIgniter\CodeIgniter->handleRequest(NULL, Object(Config\Cache), false)
#10 D:\Kuliah\Praktikum PIE\Tubes\juragansepatu-ecommerce-codeigniter4\public\index.php(37): CodeIgniter\CodeIgniter->run()
#11 D:\Kuliah\Praktikum PIE\Tubes\juragansepatu-ecommerce-codeigniter4\system\Commands\Server\rewrite.php(43): require_once('D:\\Kuliah\\Prakt...')
#12 {main}
CRITICAL - 2022-06-06 01:41:45 --> Trying to get property 'profile_picture' of non-object
#0 D:\Kuliah\Praktikum PIE\Tubes\juragansepatu-ecommerce-codeigniter4\app\Helpers\global_helper.php(97): CodeIgniter\Debug\Exceptions->errorHandler(8, 'Trying to get p...', 'D:\\Kuliah\\Prakt...', 97, Array)
#1 D:\Kuliah\Praktikum PIE\Tubes\juragansepatu-ecommerce-codeigniter4\app\Views\admin\header.php(162): get_admin_image()
#2 D:\Kuliah\Praktikum PIE\Tubes\juragansepatu-ecommerce-codeigniter4\system\View\View.php(210): include('D:\\Kuliah\\Prakt...')
#3 D:\Kuliah\Praktikum PIE\Tubes\juragansepatu-ecommerce-codeigniter4\system\View\View.php(213): CodeIgniter\View\View->CodeIgniter\View\{closure}()
#4 D:\Kuliah\Praktikum PIE\Tubes\juragansepatu-ecommerce-codeigniter4\system\View\View.php(226): CodeIgniter\View\View->render('admin\\header', Array, true)
#5 D:\Kuliah\Praktikum PIE\Tubes\juragansepatu-ecommerce-codeigniter4\system\Common.php(1089): CodeIgniter\View\View->render('admin\\overview', Array, true)
#6 D:\Kuliah\Praktikum PIE\Tubes\juragansepatu-ecommerce-codeigniter4\app\Controllers\Admin.php(38): view('admin\\overview', Array)
#7 D:\Kuliah\Praktikum PIE\Tubes\juragansepatu-ecommerce-codeigniter4\system\CodeIgniter.php(832): App\Controllers\Admin->index()
#8 D:\Kuliah\Praktikum PIE\Tubes\juragansepatu-ecommerce-codeigniter4\system\CodeIgniter.php(419): CodeIgniter\CodeIgniter->runController(Object(App\Controllers\Admin))
#9 D:\Kuliah\Praktikum PIE\Tubes\juragansepatu-ecommerce-codeigniter4\system\CodeIgniter.php(326): CodeIgniter\CodeIgniter->handleRequest(NULL, Object(Config\Cache), false)
#10 D:\Kuliah\Praktikum PIE\Tubes\juragansepatu-ecommerce-codeigniter4\public\index.php(37): CodeIgniter\CodeIgniter->run()
#11 D:\Kuliah\Praktikum PIE\Tubes\juragansepatu-ecommerce-codeigniter4\system\Commands\Server\rewrite.php(43): require_once('D:\\Kuliah\\Prakt...')
#12 {main}
CRITICAL - 2022-06-06 01:41:52 --> Trying to get property 'profile_picture' of non-object
#0 D:\Kuliah\Praktikum PIE\Tubes\juragansepatu-ecommerce-codeigniter4\app\Helpers\global_helper.php(97): CodeIgniter\Debug\Exceptions->errorHandler(8, 'Trying to get p...', 'D:\\Kuliah\\Prakt...', 97, Array)
#1 D:\Kuliah\Praktikum PIE\Tubes\juragansepatu-ecommerce-codeigniter4\app\Views\admin\header.php(162): get_admin_image()
#2 D:\Kuliah\Praktikum PIE\Tubes\juragansepatu-ecommerce-codeigniter4\system\View\View.php(210): include('D:\\Kuliah\\Prakt...')
#3 D:\Kuliah\Praktikum PIE\Tubes\juragansepatu-ecommerce-codeigniter4\system\View\View.php(213): CodeIgniter\View\View->CodeIgniter\View\{closure}()
#4 D:\Kuliah\Praktikum PIE\Tubes\juragansepatu-ecommerce-codeigniter4\system\View\View.php(226): CodeIgniter\View\View->render('admin\\header', Array, true)
#5 D:\Kuliah\Praktikum PIE\Tubes\juragansepatu-ecommerce-codeigniter4\system\Common.php(1089): CodeIgniter\View\View->render('admin\\overview', Array, true)
#6 D:\Kuliah\Praktikum PIE\Tubes\juragansepatu-ecommerce-codeigniter4\app\Controllers\Admin.php(38): view('admin\\overview', Array)
#7 D:\Kuliah\Praktikum PIE\Tubes\juragansepatu-ecommerce-codeigniter4\system\CodeIgniter.php(832): App\Controllers\Admin->index()
#8 D:\Kuliah\Praktikum PIE\Tubes\juragansepatu-ecommerce-codeigniter4\system\CodeIgniter.php(419): CodeIgniter\CodeIgniter->runController(Object(App\Controllers\Admin))
#9 D:\Kuliah\Praktikum PIE\Tubes\juragansepatu-ecommerce-codeigniter4\system\CodeIgniter.php(326): CodeIgniter\CodeIgniter->handleRequest(NULL, Object(Config\Cache), false)
#10 D:\Kuliah\Praktikum PIE\Tubes\juragansepatu-ecommerce-codeigniter4\public\index.php(37): CodeIgniter\CodeIgniter->run()
#11 D:\Kuliah\Praktikum PIE\Tubes\juragansepatu-ecommerce-codeigniter4\system\Commands\Server\rewrite.php(43): require_once('D:\\Kuliah\\Prakt...')
#12 {main}
CRITICAL - 2022-06-06 01:45:16 --> Trying to get property 'profile_picture' of non-object
#0 D:\Kuliah\Praktikum PIE\Tubes\juragansepatu-ecommerce-codeigniter4\app\Helpers\global_helper.php(97): CodeIgniter\Debug\Exceptions->errorHandler(8, 'Trying to get p...', 'D:\\Kuliah\\Prakt...', 97, Array)
#1 D:\Kuliah\Praktikum PIE\Tubes\juragansepatu-ecommerce-codeigniter4\app\Views\admin\header.php(162): get_admin_image()
#2 D:\Kuliah\Praktikum PIE\Tubes\juragansepatu-ecommerce-codeigniter4\system\View\View.php(210): include('D:\\Kuliah\\Prakt...')
#3 D:\Kuliah\Praktikum PIE\Tubes\juragansepatu-ecommerce-codeigniter4\system\View\View.php(213): CodeIgniter\View\View->CodeIgniter\View\{closure}()
#4 D:\Kuliah\Praktikum PIE\Tubes\juragansepatu-ecommerce-codeigniter4\system\View\View.php(226): CodeIgniter\View\View->render('admin\\header', Array, true)
#5 D:\Kuliah\Praktikum PIE\Tubes\juragansepatu-ecommerce-codeigniter4\system\Common.php(1089): CodeIgniter\View\View->render('admin\\overview', Array, true)
#6 D:\Kuliah\Praktikum PIE\Tubes\juragansepatu-ecommerce-codeigniter4\app\Controllers\Admin.php(38): view('admin\\overview', Array)
#7 D:\Kuliah\Praktikum PIE\Tubes\juragansepatu-ecommerce-codeigniter4\system\CodeIgniter.php(832): App\Controllers\Admin->index()
#8 D:\Kuliah\Praktikum PIE\Tubes\juragansepatu-ecommerce-codeigniter4\system\CodeIgniter.php(419): CodeIgniter\CodeIgniter->runController(Object(App\Controllers\Admin))
#9 D:\Kuliah\Praktikum PIE\Tubes\juragansepatu-ecommerce-codeigniter4\system\CodeIgniter.php(326): CodeIgniter\CodeIgniter->handleRequest(NULL, Object(Config\Cache), false)
#10 D:\Kuliah\Praktikum PIE\Tubes\juragansepatu-ecommerce-codeigniter4\public\index.php(37): CodeIgniter\CodeIgniter->run()
#11 D:\Kuliah\Praktikum PIE\Tubes\juragansepatu-ecommerce-codeigniter4\system\Commands\Server\rewrite.php(43): require_once('D:\\Kuliah\\Prakt...')
#12 {main}
CRITICAL - 2022-06-06 01:51:37 --> Trying to get property 'profile_picture' of non-object
#0 D:\Kuliah\Praktikum PIE\Tubes\juragansepatu-ecommerce-codeigniter4\app\Helpers\global_helper.php(97): CodeIgniter\Debug\Exceptions->errorHandler(8, 'Trying to get p...', 'D:\\Kuliah\\Prakt...', 97, Array)
#1 D:\Kuliah\Praktikum PIE\Tubes\juragansepatu-ecommerce-codeigniter4\app\Views\admin\header.php(162): get_admin_image()
#2 D:\Kuliah\Praktikum PIE\Tubes\juragansepatu-ecommerce-codeigniter4\system\View\View.php(210): include('D:\\Kuliah\\Prakt...')
#3 D:\Kuliah\Praktikum PIE\Tubes\juragansepatu-ecommerce-codeigniter4\system\View\View.php(213): CodeIgniter\View\View->CodeIgniter\View\{closure}()
#4 D:\Kuliah\Praktikum PIE\Tubes\juragansepatu-ecommerce-codeigniter4\system\View\View.php(226): CodeIgniter\View\View->render('admin\\header', Array, true)
#5 D:\Kuliah\Praktikum PIE\Tubes\juragansepatu-ecommerce-codeigniter4\system\Common.php(1089): CodeIgniter\View\View->render('admin\\overview', Array, true)
#6 D:\Kuliah\Praktikum PIE\Tubes\juragansepatu-ecommerce-codeigniter4\app\Controllers\Admin.php(38): view('admin\\overview', Array)
#7 D:\Kuliah\Praktikum PIE\Tubes\juragansepatu-ecommerce-codeigniter4\system\CodeIgniter.php(832): App\Controllers\Admin->index()
#8 D:\Kuliah\Praktikum PIE\Tubes\juragansepatu-ecommerce-codeigniter4\system\CodeIgniter.php(419): CodeIgniter\CodeIgniter->runController(Object(App\Controllers\Admin))
#9 D:\Kuliah\Praktikum PIE\Tubes\juragansepatu-ecommerce-codeigniter4\system\CodeIgniter.php(326): CodeIgniter\CodeIgniter->handleRequest(NULL, Object(Config\Cache), false)
#10 D:\Kuliah\Praktikum PIE\Tubes\juragansepatu-ecommerce-codeigniter4\public\index.php(37): CodeIgniter\CodeIgniter->run()
#11 D:\Kuliah\Praktikum PIE\Tubes\juragansepatu-ecommerce-codeigniter4\system\Commands\Server\rewrite.php(43): require_once('D:\\Kuliah\\Prakt...')
#12 {main}
CRITICAL - 2022-06-06 01:52:54 --> Call to undefined function get_admin_image()
#0 D:\Kuliah\Praktikum PIE\Tubes\juragansepatu-ecommerce-codeigniter4\system\View\View.php(210): include()
#1 D:\Kuliah\Praktikum PIE\Tubes\juragansepatu-ecommerce-codeigniter4\system\View\View.php(213): CodeIgniter\View\View->CodeIgniter\View\{closure}()
#2 D:\Kuliah\Praktikum PIE\Tubes\juragansepatu-ecommerce-codeigniter4\system\View\View.php(226): CodeIgniter\View\View->render('admin\\header', Array, true)
#3 D:\Kuliah\Praktikum PIE\Tubes\juragansepatu-ecommerce-codeigniter4\system\Common.php(1089): CodeIgniter\View\View->render('admin\\overview', Array, true)
#4 D:\Kuliah\Praktikum PIE\Tubes\juragansepatu-ecommerce-codeigniter4\app\Controllers\Admin.php(38): view('admin\\overview', Array)
#5 D:\Kuliah\Praktikum PIE\Tubes\juragansepatu-ecommerce-codeigniter4\system\CodeIgniter.php(832): App\Controllers\Admin->index()
#6 D:\Kuliah\Praktikum PIE\Tubes\juragansepatu-ecommerce-codeigniter4\system\CodeIgniter.php(419): CodeIgniter\CodeIgniter->runController(Object(App\Controllers\Admin))
#7 D:\Kuliah\Praktikum PIE\Tubes\juragansepatu-ecommerce-codeigniter4\system\CodeIgniter.php(326): CodeIgniter\CodeIgniter->handleRequest(NULL, Object(Config\Cache), false)
#8 D:\Kuliah\Praktikum PIE\Tubes\juragansepatu-ecommerce-codeigniter4\public\index.php(37): CodeIgniter\CodeIgniter->run()
#9 D:\Kuliah\Praktikum PIE\Tubes\juragansepatu-ecommerce-codeigniter4\system\Commands\Server\rewrite.php(43): require_once('D:\\Kuliah\\Prakt...')
#10 {main}
CRITICAL - 2022-06-06 01:53:38 --> Call to undefined function get_admin_image()
#0 D:\Kuliah\Praktikum PIE\Tubes\juragansepatu-ecommerce-codeigniter4\system\View\View.php(210): include()
#1 D:\Kuliah\Praktikum PIE\Tubes\juragansepatu-ecommerce-codeigniter4\system\View\View.php(213): CodeIgniter\View\View->CodeIgniter\View\{closure}()
#2 D:\Kuliah\Praktikum PIE\Tubes\juragansepatu-ecommerce-codeigniter4\system\View\View.php(226): CodeIgniter\View\View->render('admin\\header', Array, true)
#3 D:\Kuliah\Praktikum PIE\Tubes\juragansepatu-ecommerce-codeigniter4\system\Common.php(1089): CodeIgniter\View\View->render('admin\\overview', Array, true)
#4 D:\Kuliah\Praktikum PIE\Tubes\juragansepatu-ecommerce-codeigniter4\app\Controllers\Admin.php(38): view('admin\\overview', Array)
#5 D:\Kuliah\Praktikum PIE\Tubes\juragansepatu-ecommerce-codeigniter4\system\CodeIgniter.php(832): App\Controllers\Admin->index()
#6 D:\Kuliah\Praktikum PIE\Tubes\juragansepatu-ecommerce-codeigniter4\system\CodeIgniter.php(419): CodeIgniter\CodeIgniter->runController(Object(App\Controllers\Admin))
#7 D:\Kuliah\Praktikum PIE\Tubes\juragansepatu-ecommerce-codeigniter4\system\CodeIgniter.php(326): CodeIgniter\CodeIgniter->handleRequest(NULL, Object(Config\Cache), false)
#8 D:\Kuliah\Praktikum PIE\Tubes\juragansepatu-ecommerce-codeigniter4\public\index.php(37): CodeIgniter\CodeIgniter->run()
#9 D:\Kuliah\Praktikum PIE\Tubes\juragansepatu-ecommerce-codeigniter4\system\Commands\Server\rewrite.php(43): require_once('D:\\Kuliah\\Prakt...')
#10 {main}
CRITICAL - 2022-06-06 01:54:57 --> Trying to get property 'email' of non-object
#0 D:\Kuliah\Praktikum PIE\Tubes\juragansepatu-ecommerce-codeigniter4\app\Views\admin\settings\profile.php(55): CodeIgniter\Debug\Exceptions->errorHandler(8, 'Trying to get p...', 'D:\\Kuliah\\Prakt...', 55, Array)
#1 D:\Kuliah\Praktikum PIE\Tubes\juragansepatu-ecommerce-codeigniter4\system\View\View.php(210): include('D:\\Kuliah\\Prakt...')
#2 D:\Kuliah\Praktikum PIE\Tubes\juragansepatu-ecommerce-codeigniter4\system\View\View.php(213): CodeIgniter\View\View->CodeIgniter\View\{closure}()
#3 D:\Kuliah\Praktikum PIE\Tubes\juragansepatu-ecommerce-codeigniter4\system\Common.php(1089): CodeIgniter\View\View->render('admin/settings/...', Array, true)
#4 D:\Kuliah\Praktikum PIE\Tubes\juragansepatu-ecommerce-codeigniter4\app\Controllers\Admin_Settings.php(126): view('admin/settings/...', Array)
#5 D:\Kuliah\Praktikum PIE\Tubes\juragansepatu-ecommerce-codeigniter4\system\CodeIgniter.php(832): App\Controllers\Admin_Settings->profile()
#6 D:\Kuliah\Praktikum PIE\Tubes\juragansepatu-ecommerce-codeigniter4\system\CodeIgniter.php(419): CodeIgniter\CodeIgniter->runController(Object(App\Controllers\Admin_Settings))
#7 D:\Kuliah\Praktikum PIE\Tubes\juragansepatu-ecommerce-codeigniter4\system\CodeIgniter.php(326): CodeIgniter\CodeIgniter->handleRequest(NULL, Object(Config\Cache), false)
#8 D:\Kuliah\Praktikum PIE\Tubes\juragansepatu-ecommerce-codeigniter4\public\index.php(37): CodeIgniter\CodeIgniter->run()
#9 D:\Kuliah\Praktikum PIE\Tubes\juragansepatu-ecommerce-codeigniter4\system\Commands\Server\rewrite.php(43): require_once('D:\\Kuliah\\Prakt...')
#10 {main}
CRITICAL - 2022-06-06 01:55:10 --> Trying to get property 'profile_picture' of non-object
#0 D:\Kuliah\Praktikum PIE\Tubes\juragansepatu-ecommerce-codeigniter4\app\Helpers\global_helper.php(97): CodeIgniter\Debug\Exceptions->errorHandler(8, 'Trying to get p...', 'D:\\Kuliah\\Prakt...', 97, Array)
#1 D:\Kuliah\Praktikum PIE\Tubes\juragansepatu-ecommerce-codeigniter4\app\Views\admin\header.php(162): get_admin_image()
#2 D:\Kuliah\Praktikum PIE\Tubes\juragansepatu-ecommerce-codeigniter4\system\View\View.php(210): include('D:\\Kuliah\\Prakt...')
#3 D:\Kuliah\Praktikum PIE\Tubes\juragansepatu-ecommerce-codeigniter4\system\View\View.php(213): CodeIgniter\View\View->CodeIgniter\View\{closure}()
#4 D:\Kuliah\Praktikum PIE\Tubes\juragansepatu-ecommerce-codeigniter4\system\View\View.php(226): CodeIgniter\View\View->render('admin\\header', Array, true)
#5 D:\Kuliah\Praktikum PIE\Tubes\juragansepatu-ecommerce-codeigniter4\system\Common.php(1089): CodeIgniter\View\View->render('admin\\overview', Array, true)
#6 D:\Kuliah\Praktikum PIE\Tubes\juragansepatu-ecommerce-codeigniter4\app\Controllers\Admin.php(38): view('admin\\overview', Array)
#7 D:\Kuliah\Praktikum PIE\Tubes\juragansepatu-ecommerce-codeigniter4\system\CodeIgniter.php(832): App\Controllers\Admin->index()
#8 D:\Kuliah\Praktikum PIE\Tubes\juragansepatu-ecommerce-codeigniter4\system\CodeIgniter.php(419): CodeIgniter\CodeIgniter->runController(Object(App\Controllers\Admin))
#9 D:\Kuliah\Praktikum PIE\Tubes\juragansepatu-ecommerce-codeigniter4\system\CodeIgniter.php(326): CodeIgniter\CodeIgniter->handleRequest(NULL, Object(Config\Cache), false)
#10 D:\Kuliah\Praktikum PIE\Tubes\juragansepatu-ecommerce-codeigniter4\public\index.php(37): CodeIgniter\CodeIgniter->run()
#11 D:\Kuliah\Praktikum PIE\Tubes\juragansepatu-ecommerce-codeigniter4\system\Commands\Server\rewrite.php(43): require_once('D:\\Kuliah\\Prakt...')
#12 {main}
CRITICAL - 2022-06-06 01:55:12 --> Trying to get property 'email' of non-object
#0 D:\Kuliah\Praktikum PIE\Tubes\juragansepatu-ecommerce-codeigniter4\app\Views\admin\settings\profile.php(55): CodeIgniter\Debug\Exceptions->errorHandler(8, 'Trying to get p...', 'D:\\Kuliah\\Prakt...', 55, Array)
#1 D:\Kuliah\Praktikum PIE\Tubes\juragansepatu-ecommerce-codeigniter4\system\View\View.php(210): include('D:\\Kuliah\\Prakt...')
#2 D:\Kuliah\Praktikum PIE\Tubes\juragansepatu-ecommerce-codeigniter4\system\View\View.php(213): CodeIgniter\View\View->CodeIgniter\View\{closure}()
#3 D:\Kuliah\Praktikum PIE\Tubes\juragansepatu-ecommerce-codeigniter4\system\Common.php(1089): CodeIgniter\View\View->render('admin/settings/...', Array, true)
#4 D:\Kuliah\Praktikum PIE\Tubes\juragansepatu-ecommerce-codeigniter4\app\Controllers\Admin_Settings.php(126): view('admin/settings/...', Array)
#5 D:\Kuliah\Praktikum PIE\Tubes\juragansepatu-ecommerce-codeigniter4\system\CodeIgniter.php(832): App\Controllers\Admin_Settings->profile()
#6 D:\Kuliah\Praktikum PIE\Tubes\juragansepatu-ecommerce-codeigniter4\system\CodeIgniter.php(419): CodeIgniter\CodeIgniter->runController(Object(App\Controllers\Admin_Settings))
#7 D:\Kuliah\Praktikum PIE\Tubes\juragansepatu-ecommerce-codeigniter4\system\CodeIgniter.php(326): CodeIgniter\CodeIgniter->handleRequest(NULL, Object(Config\Cache), false)
#8 D:\Kuliah\Praktikum PIE\Tubes\juragansepatu-ecommerce-codeigniter4\public\index.php(37): CodeIgniter\CodeIgniter->run()
#9 D:\Kuliah\Praktikum PIE\Tubes\juragansepatu-ecommerce-codeigniter4\system\Commands\Server\rewrite.php(43): require_once('D:\\Kuliah\\Prakt...')
#10 {main}
CRITICAL - 2022-06-06 01:56:49 --> Trying to get property 'email' of non-object
#0 D:\Kuliah\Praktikum PIE\Tubes\juragansepatu-ecommerce-codeigniter4\app\Views\admin\settings\profile.php(55): CodeIgniter\Debug\Exceptions->errorHandler(8, 'Trying to get p...', 'D:\\Kuliah\\Prakt...', 55, Array)
#1 D:\Kuliah\Praktikum PIE\Tubes\juragansepatu-ecommerce-codeigniter4\system\View\View.php(210): include('D:\\Kuliah\\Prakt...')
#2 D:\Kuliah\Praktikum PIE\Tubes\juragansepatu-ecommerce-codeigniter4\system\View\View.php(213): CodeIgniter\View\View->CodeIgniter\View\{closure}()
#3 D:\Kuliah\Praktikum PIE\Tubes\juragansepatu-ecommerce-codeigniter4\system\Common.php(1089): CodeIgniter\View\View->render('admin/settings/...', Array, true)
#4 D:\Kuliah\Praktikum PIE\Tubes\juragansepatu-ecommerce-codeigniter4\app\Controllers\Admin_Settings.php(126): view('admin/settings/...', Array)
#5 D:\Kuliah\Praktikum PIE\Tubes\juragansepatu-ecommerce-codeigniter4\system\CodeIgniter.php(832): App\Controllers\Admin_Settings->profile()
#6 D:\Kuliah\Praktikum PIE\Tubes\juragansepatu-ecommerce-codeigniter4\system\CodeIgniter.php(419): CodeIgniter\CodeIgniter->runController(Object(App\Controllers\Admin_Settings))
#7 D:\Kuliah\Praktikum PIE\Tubes\juragansepatu-ecommerce-codeigniter4\system\CodeIgniter.php(326): CodeIgniter\CodeIgniter->handleRequest(NULL, Object(Config\Cache), false)
#8 D:\Kuliah\Praktikum PIE\Tubes\juragansepatu-ecommerce-codeigniter4\public\index.php(37): CodeIgniter\CodeIgniter->run()
#9 D:\Kuliah\Praktikum PIE\Tubes\juragansepatu-ecommerce-codeigniter4\system\Commands\Server\rewrite.php(43): require_once('D:\\Kuliah\\Prakt...')
#10 {main}
CRITICAL - 2022-06-06 01:56:55 --> Trying to get property 'email' of non-object
#0 D:\Kuliah\Praktikum PIE\Tubes\juragansepatu-ecommerce-codeigniter4\app\Views\admin\settings\profile.php(55): CodeIgniter\Debug\Exceptions->errorHandler(8, 'Trying to get p...', 'D:\\Kuliah\\Prakt...', 55, Array)
#1 D:\Kuliah\Praktikum PIE\Tubes\juragansepatu-ecommerce-codeigniter4\system\View\View.php(210): include('D:\\Kuliah\\Prakt...')
#2 D:\Kuliah\Praktikum PIE\Tubes\juragansepatu-ecommerce-codeigniter4\system\View\View.php(213): CodeIgniter\View\View->CodeIgniter\View\{closure}()
#3 D:\Kuliah\Praktikum PIE\Tubes\juragansepatu-ecommerce-codeigniter4\system\Common.php(1089): CodeIgniter\View\View->render('admin/settings/...', Array, true)
#4 D:\Kuliah\Praktikum PIE\Tubes\juragansepatu-ecommerce-codeigniter4\app\Controllers\Admin_Settings.php(126): view('admin/settings/...', Array)
#5 D:\Kuliah\Praktikum PIE\Tubes\juragansepatu-ecommerce-codeigniter4\system\CodeIgniter.php(832): App\Controllers\Admin_Settings->profile()
#6 D:\Kuliah\Praktikum PIE\Tubes\juragansepatu-ecommerce-codeigniter4\system\CodeIgniter.php(419): CodeIgniter\CodeIgniter->runController(Object(App\Controllers\Admin_Settings))
#7 D:\Kuliah\Praktikum PIE\Tubes\juragansepatu-ecommerce-codeigniter4\system\CodeIgniter.php(326): CodeIgniter\CodeIgniter->handleRequest(NULL, Object(Config\Cache), false)
#8 D:\Kuliah\Praktikum PIE\Tubes\juragansepatu-ecommerce-codeigniter4\public\index.php(37): CodeIgniter\CodeIgniter->run()
#9 D:\Kuliah\Praktikum PIE\Tubes\juragansepatu-ecommerce-codeigniter4\system\Commands\Server\rewrite.php(43): require_once('D:\\Kuliah\\Prakt...')
#10 {main}
CRITICAL - 2022-06-06 01:58:23 --> Trying to get property 'email' of non-object
#0 D:\Kuliah\Praktikum PIE\Tubes\juragansepatu-ecommerce-codeigniter4\app\Views\admin\settings\profile.php(55): CodeIgniter\Debug\Exceptions->errorHandler(8, 'Trying to get p...', 'D:\\Kuliah\\Prakt...', 55, Array)
#1 D:\Kuliah\Praktikum PIE\Tubes\juragansepatu-ecommerce-codeigniter4\system\View\View.php(210): include('D:\\Kuliah\\Prakt...')
#2 D:\Kuliah\Praktikum PIE\Tubes\juragansepatu-ecommerce-codeigniter4\system\View\View.php(213): CodeIgniter\View\View->CodeIgniter\View\{closure}()
#3 D:\Kuliah\Praktikum PIE\Tubes\juragansepatu-ecommerce-codeigniter4\system\Common.php(1089): CodeIgniter\View\View->render('admin/settings/...', Array, true)
#4 D:\Kuliah\Praktikum PIE\Tubes\juragansepatu-ecommerce-codeigniter4\app\Controllers\Admin_Settings.php(126): view('admin/settings/...', Array)
#5 D:\Kuliah\Praktikum PIE\Tubes\juragansepatu-ecommerce-codeigniter4\system\CodeIgniter.php(832): App\Controllers\Admin_Settings->profile()
#6 D:\Kuliah\Praktikum PIE\Tubes\juragansepatu-ecommerce-codeigniter4\system\CodeIgniter.php(419): CodeIgniter\CodeIgniter->runController(Object(App\Controllers\Admin_Settings))
#7 D:\Kuliah\Praktikum PIE\Tubes\juragansepatu-ecommerce-codeigniter4\system\CodeIgniter.php(326): CodeIgniter\CodeIgniter->handleRequest(NULL, Object(Config\Cache), false)
#8 D:\Kuliah\Praktikum PIE\Tubes\juragansepatu-ecommerce-codeigniter4\public\index.php(37): CodeIgniter\CodeIgniter->run()
#9 D:\Kuliah\Praktikum PIE\Tubes\juragansepatu-ecommerce-codeigniter4\system\Commands\Server\rewrite.php(43): require_once('D:\\Kuliah\\Prakt...')
#10 {main}
CRITICAL - 2022-06-06 01:59:34 --> Trying to get property 'email' of non-object
#0 D:\Kuliah\Praktikum PIE\Tubes\juragansepatu-ecommerce-codeigniter4\app\Views\admin\settings\profile.php(55): CodeIgniter\Debug\Exceptions->errorHandler(8, 'Trying to get p...', 'D:\\Kuliah\\Prakt...', 55, Array)
#1 D:\Kuliah\Praktikum PIE\Tubes\juragansepatu-ecommerce-codeigniter4\system\View\View.php(210): include('D:\\Kuliah\\Prakt...')
#2 D:\Kuliah\Praktikum PIE\Tubes\juragansepatu-ecommerce-codeigniter4\system\View\View.php(213): CodeIgniter\View\View->CodeIgniter\View\{closure}()
#3 D:\Kuliah\Praktikum PIE\Tubes\juragansepatu-ecommerce-codeigniter4\system\Common.php(1089): CodeIgniter\View\View->render('admin/settings/...', Array, true)
#4 D:\Kuliah\Praktikum PIE\Tubes\juragansepatu-ecommerce-codeigniter4\app\Controllers\Admin_Settings.php(126): view('admin/settings/...', Array)
#5 D:\Kuliah\Praktikum PIE\Tubes\juragansepatu-ecommerce-codeigniter4\system\CodeIgniter.php(832): App\Controllers\Admin_Settings->profile()
#6 D:\Kuliah\Praktikum PIE\Tubes\juragansepatu-ecommerce-codeigniter4\system\CodeIgniter.php(419): CodeIgniter\CodeIgniter->runController(Object(App\Controllers\Admin_Settings))
#7 D:\Kuliah\Praktikum PIE\Tubes\juragansepatu-ecommerce-codeigniter4\system\CodeIgniter.php(326): CodeIgniter\CodeIgniter->handleRequest(NULL, Object(Config\Cache), false)
#8 D:\Kuliah\Praktikum PIE\Tubes\juragansepatu-ecommerce-codeigniter4\public\index.php(37): CodeIgniter\CodeIgniter->run()
#9 D:\Kuliah\Praktikum PIE\Tubes\juragansepatu-ecommerce-codeigniter4\system\Commands\Server\rewrite.php(43): require_once('D:\\Kuliah\\Prakt...')
#10 {main}
CRITICAL - 2022-06-06 02:00:33 --> Trying to get property 'profile_picture' of non-object
#0 D:\Kuliah\Praktikum PIE\Tubes\juragansepatu-ecommerce-codeigniter4\app\Helpers\global_helper.php(97): CodeIgniter\Debug\Exceptions->errorHandler(8, 'Trying to get p...', 'D:\\Kuliah\\Prakt...', 97, Array)
#1 D:\Kuliah\Praktikum PIE\Tubes\juragansepatu-ecommerce-codeigniter4\app\Views\admin\header.php(162): get_admin_image()
#2 D:\Kuliah\Praktikum PIE\Tubes\juragansepatu-ecommerce-codeigniter4\system\View\View.php(210): include('D:\\Kuliah\\Prakt...')
#3 D:\Kuliah\Praktikum PIE\Tubes\juragansepatu-ecommerce-codeigniter4\system\View\View.php(213): CodeIgniter\View\View->CodeIgniter\View\{closure}()
#4 D:\Kuliah\Praktikum PIE\Tubes\juragansepatu-ecommerce-codeigniter4\system\View\View.php(226): CodeIgniter\View\View->render('admin\\header', Array, true)
#5 D:\Kuliah\Praktikum PIE\Tubes\juragansepatu-ecommerce-codeigniter4\system\Common.php(1089): CodeIgniter\View\View->render('admin\\overview', Array, true)
#6 D:\Kuliah\Praktikum PIE\Tubes\juragansepatu-ecommerce-codeigniter4\app\Controllers\Admin.php(38): view('admin\\overview', Array)
#7 D:\Kuliah\Praktikum PIE\Tubes\juragansepatu-ecommerce-codeigniter4\system\CodeIgniter.php(832): App\Controllers\Admin->index()
#8 D:\Kuliah\Praktikum PIE\Tubes\juragansepatu-ecommerce-codeigniter4\system\CodeIgniter.php(419): CodeIgniter\CodeIgniter->runController(Object(App\Controllers\Admin))
#9 D:\Kuliah\Praktikum PIE\Tubes\juragansepatu-ecommerce-codeigniter4\system\CodeIgniter.php(326): CodeIgniter\CodeIgniter->handleRequest(NULL, Object(Config\Cache), false)
#10 D:\Kuliah\Praktikum PIE\Tubes\juragansepatu-ecommerce-codeigniter4\public\index.php(37): CodeIgniter\CodeIgniter->run()
#11 D:\Kuliah\Praktikum PIE\Tubes\juragansepatu-ecommerce-codeigniter4\system\Commands\Server\rewrite.php(43): require_once('D:\\Kuliah\\Prakt...')
#12 {main}
CRITICAL - 2022-06-06 02:22:57 --> Object of class CodeIgniter\HTTP\RedirectResponse could not be converted to string
#0 D:\Kuliah\Praktikum PIE\Tubes\juragansepatu-ecommerce-codeigniter4\system\Database\Query.php(318): strtr('SELECT COUNT(*)...', Array)
#1 D:\Kuliah\Praktikum PIE\Tubes\juragansepatu-ecommerce-codeigniter4\system\Database\Query.php(293): CodeIgniter\Database\Query->matchNamedBinds('SELECT COUNT(*)...', Array)
#2 D:\Kuliah\Praktikum PIE\Tubes\juragansepatu-ecommerce-codeigniter4\system\Database\Query.php(150): CodeIgniter\Database\Query->compileBinds()
#3 D:\Kuliah\Praktikum PIE\Tubes\juragansepatu-ecommerce-codeigniter4\system\Database\BaseConnection.php(598): CodeIgniter\Database\Query->getQuery()
#4 D:\Kuliah\Praktikum PIE\Tubes\juragansepatu-ecommerce-codeigniter4\system\Database\BaseBuilder.php(1539): CodeIgniter\Database\BaseConnection->query('SELECT COUNT(*)...', Array, false)
#5 D:\Kuliah\Praktikum PIE\Tubes\juragansepatu-ecommerce-codeigniter4\app\Models\Customer\Order_model.php(67): CodeIgniter\Database\BaseBuilder->countAllResults()
#6 D:\Kuliah\Praktikum PIE\Tubes\juragansepatu-ecommerce-codeigniter4\app\Controllers\Customer_Orders.php(37): App\Models\Customer\Order_model->is_order_exist('60')
#7 D:\Kuliah\Praktikum PIE\Tubes\juragansepatu-ecommerce-codeigniter4\system\CodeIgniter.php(832): App\Controllers\Customer_Orders->view('60')
#8 D:\Kuliah\Praktikum PIE\Tubes\juragansepatu-ecommerce-codeigniter4\system\CodeIgniter.php(419): CodeIgniter\CodeIgniter->runController(Object(App\Controllers\Customer_Orders))
#9 D:\Kuliah\Praktikum PIE\Tubes\juragansepatu-ecommerce-codeigniter4\system\CodeIgniter.php(326): CodeIgniter\CodeIgniter->handleRequest(NULL, Object(Config\Cache), false)
#10 D:\Kuliah\Praktikum PIE\Tubes\juragansepatu-ecommerce-codeigniter4\public\index.php(37): CodeIgniter\CodeIgniter->run()
#11 D:\Kuliah\Praktikum PIE\Tubes\juragansepatu-ecommerce-codeigniter4\system\Commands\Server\rewrite.php(43): require_once('D:\\Kuliah\\Prakt...')
#12 {main}
